   0  $accept : Program $end

   1  Program : ClassList

   2  ClassList : ClassList ClassDef
   3            | ClassDef

   4  VariableDef : Variable ';'

   5  Variable : Type IDENTIFIER

   6  Type : INT
   7       | VOID
   8       | BOOL
   9       | COMPLEX
  10       | STRING
  11       | CLASS IDENTIFIER
  12       | Type '[' ']'

  13  ClassDef : CLASS IDENTIFIER ExtendsClause '{' FieldList '}'

  14  ExtendsClause : EXTENDS IDENTIFIER
  15                |

  16  FieldList : FieldList VariableDef
  17            | FieldList FunctionDef
  18            |

  19  Formals : VariableList
  20          |

  21  VariableList : VariableList ',' Variable
  22               | Variable

  23  FunctionDef : STATIC Type IDENTIFIER '(' Formals ')' StmtBlock
  24              | Type IDENTIFIER '(' Formals ')' StmtBlock

  25  StmtBlock : '{' StmtList '}'

  26  StmtList : StmtList Stmt
  27           |

  28  Stmt : VariableDef
  29       | SimpleStmt ';'
  30       | IfStmt
  31       | WhileStmt
  32       | ForStmt
  33       | ReturnStmt ';'
  34       | PrintStmt ';'
  35       | BreakStmt ';'
  36       | PrintCompStmt ';'
  37       | DoStmt ';'
  38       | StmtBlock

  39  SimpleStmt : LValue '=' Expr
  40             | Call
  41             |

  42  Receiver : Expr '.'
  43           |

  44  LValue : Receiver IDENTIFIER
  45         | Expr '[' Expr ']'

  46  Call : Receiver IDENTIFIER '(' Actuals ')'

  47  Expr : LValue
  48       | Call
  49       | Constant
  50       | Expr '+' Expr
  51       | Expr '-' Expr
  52       | Expr '*' Expr
  53       | Expr '/' Expr
  54       | Expr '%' Expr
  55       | Expr EQUAL Expr
  56       | Expr NOT_EQUAL Expr
  57       | Expr '<' Expr
  58       | Expr '>' Expr
  59       | Expr LESS_EQUAL Expr
  60       | Expr GREATER_EQUAL Expr
  61       | Expr AND Expr
  62       | Expr OR Expr
  63       | '(' Expr ')'
  64       | '-' Expr
  65       | '@' Expr
  66       | '$' Expr
  67       | '#' Expr
  68       | '!' Expr
  69       | READ_INTEGER '(' ')'
  70       | READ_LINE '(' ')'
  71       | THIS
  72       | SUPER
  73       | DCOPY '(' Expr ')'
  74       | SCOPY '(' Expr ')'
  75       | CASE '(' Expr ')' '{' ACaseList DefaultExpr '}'
  76       | NEW IDENTIFIER '(' ')'
  77       | NEW Type '[' Expr ']'
  78       | INSTANCEOF '(' Expr ',' IDENTIFIER ')'
  79       | '(' CLASS IDENTIFIER ')' Expr

  80  Constant : LITERAL
  81           | NULL

  82  Actuals : ExprList
  83          |

  84  ExprList : ExprList ',' Expr
  85           | Expr

  86  DoBranchList : DoBranchList DoBranch
  87               |

  88  DoBranch : DoSubStmt SEPARATOR

  89  DoSubStmt : Expr ':' Stmt

  90  ACaseList : ACaseList ACaseExpr
  91            |

  92  ACaseExpr : Constant ':' Expr ';'

  93  DefaultExpr : DEFAULT ':' Expr ';'

  94  WhileStmt : WHILE '(' Expr ')' Stmt

  95  ForStmt : FOR '(' SimpleStmt ';' Expr ';' SimpleStmt ')' Stmt

  96  BreakStmt : BREAK

  97  IfStmt : IF '(' Expr ')' Stmt ElseClause

  98  ElseClause : ELSE Stmt
  99             |

 100  ReturnStmt : RETURN Expr
 101             | RETURN

 102  PrintStmt : PRINT '(' ExprList ')'

 103  PrintCompStmt : PRINTCOMP '(' ExprList ')'

 104  DoStmt : DO DoBranchList DoSubStmt OD

state 0
	$accept : . Program $end  (0)

	CLASS  shift 1
	.  error

	Program  goto 2
	ClassList  goto 3
	ClassDef  goto 4


state 1
	ClassDef : CLASS . IDENTIFIER ExtendsClause '{' FieldList '}'  (13)

	IDENTIFIER  shift 5
	.  error


state 2
	$accept : Program . $end  (0)

	$end  accept


state 3
	Program : ClassList .  (1)
	ClassList : ClassList . ClassDef  (2)

	CLASS  shift 1
	$end  reduce 1

	ClassDef  goto 6


state 4
	ClassList : ClassDef .  (3)

	.  reduce 3


state 5
	ClassDef : CLASS IDENTIFIER . ExtendsClause '{' FieldList '}'  (13)
	ExtendsClause : .  (15)

	EXTENDS  shift 7
	'{'  reduce 15

	ExtendsClause  goto 8


state 6
	ClassList : ClassList ClassDef .  (2)

	.  reduce 2


state 7
	ExtendsClause : EXTENDS . IDENTIFIER  (14)

	IDENTIFIER  shift 9
	.  error


state 8
	ClassDef : CLASS IDENTIFIER ExtendsClause . '{' FieldList '}'  (13)

	'{'  shift 10
	.  error


state 9
	ExtendsClause : EXTENDS IDENTIFIER .  (14)

	.  reduce 14


state 10
	ClassDef : CLASS IDENTIFIER ExtendsClause '{' . FieldList '}'  (13)
	FieldList : .  (18)

	.  reduce 18

	FieldList  goto 11


state 11
	ClassDef : CLASS IDENTIFIER ExtendsClause '{' FieldList . '}'  (13)
	FieldList : FieldList . VariableDef  (16)
	FieldList : FieldList . FunctionDef  (17)

	VOID  shift 12
	BOOL  shift 13
	INT  shift 14
	STRING  shift 15
	CLASS  shift 16
	COMPLEX  shift 17
	STATIC  shift 18
	'}'  shift 19
	.  error

	VariableDef  goto 20
	Variable  goto 21
	Type  goto 22
	FunctionDef  goto 23


state 12
	Type : VOID .  (7)

	.  reduce 7


state 13
	Type : BOOL .  (8)

	.  reduce 8


state 14
	Type : INT .  (6)

	.  reduce 6


state 15
	Type : STRING .  (10)

	.  reduce 10


state 16
	Type : CLASS . IDENTIFIER  (11)

	IDENTIFIER  shift 24
	.  error


state 17
	Type : COMPLEX .  (9)

	.  reduce 9


state 18
	FunctionDef : STATIC . Type IDENTIFIER '(' Formals ')' StmtBlock  (23)

	VOID  shift 12
	BOOL  shift 13
	INT  shift 14
	STRING  shift 15
	CLASS  shift 16
	COMPLEX  shift 17
	.  error

	Type  goto 25


state 19
	ClassDef : CLASS IDENTIFIER ExtendsClause '{' FieldList '}' .  (13)

	.  reduce 13


state 20
	FieldList : FieldList VariableDef .  (16)

	.  reduce 16


state 21
	VariableDef : Variable . ';'  (4)

	';'  shift 26
	.  error


state 22
	Variable : Type . IDENTIFIER  (5)
	Type : Type . '[' ']'  (12)
	FunctionDef : Type . IDENTIFIER '(' Formals ')' StmtBlock  (24)

	IDENTIFIER  shift 27
	'['  shift 28
	.  error


state 23
	FieldList : FieldList FunctionDef .  (17)

	.  reduce 17


state 24
	Type : CLASS IDENTIFIER .  (11)

	.  reduce 11


state 25
	Type : Type . '[' ']'  (12)
	FunctionDef : STATIC Type . IDENTIFIER '(' Formals ')' StmtBlock  (23)

	IDENTIFIER  shift 29
	'['  shift 28
	.  error


state 26
	VariableDef : Variable ';' .  (4)

	.  reduce 4


state 27
	Variable : Type IDENTIFIER .  (5)
	FunctionDef : Type IDENTIFIER . '(' Formals ')' StmtBlock  (24)

	'('  shift 30
	';'  reduce 5


state 28
	Type : Type '[' . ']'  (12)

	']'  shift 31
	.  error


state 29
	FunctionDef : STATIC Type IDENTIFIER . '(' Formals ')' StmtBlock  (23)

	'('  shift 32
	.  error


state 30
	FunctionDef : Type IDENTIFIER '(' . Formals ')' StmtBlock  (24)
	Formals : .  (20)

	VOID  shift 12
	BOOL  shift 13
	INT  shift 14
	STRING  shift 15
	CLASS  shift 16
	COMPLEX  shift 17
	')'  reduce 20

	Variable  goto 33
	Type  goto 34
	Formals  goto 35
	VariableList  goto 36


state 31
	Type : Type '[' ']' .  (12)

	.  reduce 12


state 32
	FunctionDef : STATIC Type IDENTIFIER '(' . Formals ')' StmtBlock  (23)
	Formals : .  (20)

	VOID  shift 12
	BOOL  shift 13
	INT  shift 14
	STRING  shift 15
	CLASS  shift 16
	COMPLEX  shift 17
	')'  reduce 20

	Variable  goto 33
	Type  goto 34
	Formals  goto 37
	VariableList  goto 36


state 33
	VariableList : Variable .  (22)

	.  reduce 22


state 34
	Variable : Type . IDENTIFIER  (5)
	Type : Type . '[' ']'  (12)

	IDENTIFIER  shift 38
	'['  shift 28
	.  error


state 35
	FunctionDef : Type IDENTIFIER '(' Formals . ')' StmtBlock  (24)

	')'  shift 39
	.  error


state 36
	Formals : VariableList .  (19)
	VariableList : VariableList . ',' Variable  (21)

	','  shift 40
	')'  reduce 19


state 37
	FunctionDef : STATIC Type IDENTIFIER '(' Formals . ')' StmtBlock  (23)

	')'  shift 41
	.  error


state 38
	Variable : Type IDENTIFIER .  (5)

	.  reduce 5


state 39
	FunctionDef : Type IDENTIFIER '(' Formals ')' . StmtBlock  (24)

	'{'  shift 42
	.  error

	StmtBlock  goto 43


state 40
	VariableList : VariableList ',' . Variable  (21)

	VOID  shift 12
	BOOL  shift 13
	INT  shift 14
	STRING  shift 15
	CLASS  shift 16
	COMPLEX  shift 17
	.  error

	Variable  goto 44
	Type  goto 34


state 41
	FunctionDef : STATIC Type IDENTIFIER '(' Formals ')' . StmtBlock  (23)

	'{'  shift 42
	.  error

	StmtBlock  goto 45


state 42
	StmtBlock : '{' . StmtList '}'  (25)
	StmtList : .  (27)

	.  reduce 27

	StmtList  goto 46


state 43
	FunctionDef : Type IDENTIFIER '(' Formals ')' StmtBlock .  (24)

	.  reduce 24


state 44
	VariableList : VariableList ',' Variable .  (21)

	.  reduce 21


state 45
	FunctionDef : STATIC Type IDENTIFIER '(' Formals ')' StmtBlock .  (23)

	.  reduce 23


state 46
	StmtBlock : '{' StmtList . '}'  (25)
	StmtList : StmtList . Stmt  (26)
	SimpleStmt : .  (41)
	Receiver : .  (43)

	VOID  shift 12
	BOOL  shift 13
	INT  shift 14
	STRING  shift 15
	CLASS  shift 16
	COMPLEX  shift 17
	NULL  shift 47
	THIS  shift 48
	WHILE  shift 49
	FOR  shift 50
	SUPER  shift 51
	IF  shift 52
	RETURN  shift 53
	BREAK  shift 54
	NEW  shift 55
	DO  shift 56
	PRINT  shift 57
	READ_INTEGER  shift 58
	READ_LINE  shift 59
	DCOPY  shift 60
	SCOPY  shift 61
	CASE  shift 62
	PRINTCOMP  shift 63
	LITERAL  shift 64
	INSTANCEOF  shift 65
	'-'  shift 66
	'!'  shift 67
	'('  shift 68
	'{'  shift 42
	'}'  shift 69
	'@'  shift 70
	'$'  shift 71
	'#'  shift 72
	IDENTIFIER  reduce 43
	';'  reduce 41

	VariableDef  goto 73
	Variable  goto 21
	Type  goto 34
	StmtBlock  goto 74
	Stmt  goto 75
	SimpleStmt  goto 76
	IfStmt  goto 77
	WhileStmt  goto 78
	ForStmt  goto 79
	ReturnStmt  goto 80
	PrintStmt  goto 81
	BreakStmt  goto 82
	PrintCompStmt  goto 83
	DoStmt  goto 84
	LValue  goto 85
	Expr  goto 86
	Call  goto 87
	Receiver  goto 88
	Constant  goto 89


state 47
	Constant : NULL .  (81)

	.  reduce 81


state 48
	Expr : THIS .  (71)

	.  reduce 71


state 49
	WhileStmt : WHILE . '(' Expr ')' Stmt  (94)

	'('  shift 90
	.  error


state 50
	ForStmt : FOR . '(' SimpleStmt ';' Expr ';' SimpleStmt ')' Stmt  (95)

	'('  shift 91
	.  error


state 51
	Expr : SUPER .  (72)

	.  reduce 72


state 52
	IfStmt : IF . '(' Expr ')' Stmt ElseClause  (97)

	'('  shift 92
	.  error


state 53
	ReturnStmt : RETURN . Expr  (100)
	ReturnStmt : RETURN .  (101)
	Receiver : .  (43)

	NULL  shift 47
	THIS  shift 48
	SUPER  shift 51
	NEW  shift 55
	READ_INTEGER  shift 58
	READ_LINE  shift 59
	DCOPY  shift 60
	SCOPY  shift 61
	CASE  shift 62
	LITERAL  shift 64
	INSTANCEOF  shift 65
	'-'  shift 66
	'!'  shift 67
	'('  shift 68
	'@'  shift 70
	'$'  shift 71
	'#'  shift 72
	IDENTIFIER  reduce 43
	';'  reduce 101

	LValue  goto 93
	Expr  goto 94
	Call  goto 95
	Receiver  goto 88
	Constant  goto 89


state 54
	BreakStmt : BREAK .  (96)

	.  reduce 96


state 55
	Expr : NEW . IDENTIFIER '(' ')'  (76)
	Expr : NEW . Type '[' Expr ']'  (77)

	VOID  shift 12
	BOOL  shift 13
	INT  shift 14
	STRING  shift 15
	CLASS  shift 16
	COMPLEX  shift 17
	IDENTIFIER  shift 96
	.  error

	Type  goto 97


state 56
	DoStmt : DO . DoBranchList DoSubStmt OD  (104)
	DoBranchList : .  (87)

	.  reduce 87

	DoBranchList  goto 98


state 57
	PrintStmt : PRINT . '(' ExprList ')'  (102)

	'('  shift 99
	.  error


state 58
	Expr : READ_INTEGER . '(' ')'  (69)

	'('  shift 100
	.  error


state 59
	Expr : READ_LINE . '(' ')'  (70)

	'('  shift 101
	.  error


state 60
	Expr : DCOPY . '(' Expr ')'  (73)

	'('  shift 102
	.  error


state 61
	Expr : SCOPY . '(' Expr ')'  (74)

	'('  shift 103
	.  error


state 62
	Expr : CASE . '(' Expr ')' '{' ACaseList DefaultExpr '}'  (75)

	'('  shift 104
	.  error


state 63
	PrintCompStmt : PRINTCOMP . '(' ExprList ')'  (103)

	'('  shift 105
	.  error


state 64
	Constant : LITERAL .  (80)

	.  reduce 80


state 65
	Expr : INSTANCEOF . '(' Expr ',' IDENTIFIER ')'  (78)

	'('  shift 106
	.  error


state 66
	Expr : '-' . Expr  (64)
	Receiver : .  (43)

	NULL  shift 47
	THIS  shift 48
	SUPER  shift 51
	NEW  shift 55
	READ_INTEGER  shift 58
	READ_LINE  shift 59
	DCOPY  shift 60
	SCOPY  shift 61
	CASE  shift 62
	LITERAL  shift 64
	INSTANCEOF  shift 65
	'-'  shift 66
	'!'  shift 67
	'('  shift 68
	'@'  shift 70
	'$'  shift 71
	'#'  shift 72
	IDENTIFIER  reduce 43

	LValue  goto 93
	Expr  goto 107
	Call  goto 95
	Receiver  goto 88
	Constant  goto 89


state 67
	Expr : '!' . Expr  (68)
	Receiver : .  (43)

	NULL  shift 47
	THIS  shift 48
	SUPER  shift 51
	NEW  shift 55
	READ_INTEGER  shift 58
	READ_LINE  shift 59
	DCOPY  shift 60
	SCOPY  shift 61
	CASE  shift 62
	LITERAL  shift 64
	INSTANCEOF  shift 65
	'-'  shift 66
	'!'  shift 67
	'('  shift 68
	'@'  shift 70
	'$'  shift 71
	'#'  shift 72
	IDENTIFIER  reduce 43

	LValue  goto 93
	Expr  goto 108
	Call  goto 95
	Receiver  goto 88
	Constant  goto 89


state 68
	Expr : '(' . Expr ')'  (63)
	Expr : '(' . CLASS IDENTIFIER ')' Expr  (79)
	Receiver : .  (43)

	CLASS  shift 109
	NULL  shift 47
	THIS  shift 48
	SUPER  shift 51
	NEW  shift 55
	READ_INTEGER  shift 58
	READ_LINE  shift 59
	DCOPY  shift 60
	SCOPY  shift 61
	CASE  shift 62
	LITERAL  shift 64
	INSTANCEOF  shift 65
	'-'  shift 66
	'!'  shift 67
	'('  shift 68
	'@'  shift 70
	'$'  shift 71
	'#'  shift 72
	IDENTIFIER  reduce 43

	LValue  goto 93
	Expr  goto 110
	Call  goto 95
	Receiver  goto 88
	Constant  goto 89


state 69
	StmtBlock : '{' StmtList '}' .  (25)

	.  reduce 25


state 70
	Expr : '@' . Expr  (65)
	Receiver : .  (43)

	NULL  shift 47
	THIS  shift 48
	SUPER  shift 51
	NEW  shift 55
	READ_INTEGER  shift 58
	READ_LINE  shift 59
	DCOPY  shift 60
	SCOPY  shift 61
	CASE  shift 62
	LITERAL  shift 64
	INSTANCEOF  shift 65
	'-'  shift 66
	'!'  shift 67
	'('  shift 68
	'@'  shift 70
	'$'  shift 71
	'#'  shift 72
	IDENTIFIER  reduce 43

	LValue  goto 93
	Expr  goto 111
	Call  goto 95
	Receiver  goto 88
	Constant  goto 89


state 71
	Expr : '$' . Expr  (66)
	Receiver : .  (43)

	NULL  shift 47
	THIS  shift 48
	SUPER  shift 51
	NEW  shift 55
	READ_INTEGER  shift 58
	READ_LINE  shift 59
	DCOPY  shift 60
	SCOPY  shift 61
	CASE  shift 62
	LITERAL  shift 64
	INSTANCEOF  shift 65
	'-'  shift 66
	'!'  shift 67
	'('  shift 68
	'@'  shift 70
	'$'  shift 71
	'#'  shift 72
	IDENTIFIER  reduce 43

	LValue  goto 93
	Expr  goto 112
	Call  goto 95
	Receiver  goto 88
	Constant  goto 89


state 72
	Expr : '#' . Expr  (67)
	Receiver : .  (43)

	NULL  shift 47
	THIS  shift 48
	SUPER  shift 51
	NEW  shift 55
	READ_INTEGER  shift 58
	READ_LINE  shift 59
	DCOPY  shift 60
	SCOPY  shift 61
	CASE  shift 62
	LITERAL  shift 64
	INSTANCEOF  shift 65
	'-'  shift 66
	'!'  shift 67
	'('  shift 68
	'@'  shift 70
	'$'  shift 71
	'#'  shift 72
	IDENTIFIER  reduce 43

	LValue  goto 93
	Expr  goto 113
	Call  goto 95
	Receiver  goto 88
	Constant  goto 89


state 73
	Stmt : VariableDef .  (28)

	.  reduce 28


state 74
	Stmt : StmtBlock .  (38)

	.  reduce 38


state 75
	StmtList : StmtList Stmt .  (26)

	.  reduce 26


state 76
	Stmt : SimpleStmt . ';'  (29)

	';'  shift 114
	.  error


state 77
	Stmt : IfStmt .  (30)

	.  reduce 30


state 78
	Stmt : WhileStmt .  (31)

	.  reduce 31


state 79
	Stmt : ForStmt .  (32)

	.  reduce 32


state 80
	Stmt : ReturnStmt . ';'  (33)

	';'  shift 115
	.  error


state 81
	Stmt : PrintStmt . ';'  (34)

	';'  shift 116
	.  error


state 82
	Stmt : BreakStmt . ';'  (35)

	';'  shift 117
	.  error


state 83
	Stmt : PrintCompStmt . ';'  (36)

	';'  shift 118
	.  error


state 84
	Stmt : DoStmt . ';'  (37)

	';'  shift 119
	.  error


state 85
	SimpleStmt : LValue . '=' Expr  (39)
	Expr : LValue .  (47)

	'='  shift 120
	AND  reduce 47
	OR  reduce 47
	LESS_EQUAL  reduce 47
	GREATER_EQUAL  reduce 47
	EQUAL  reduce 47
	NOT_EQUAL  reduce 47
	'+'  reduce 47
	'-'  reduce 47
	'*'  reduce 47
	'/'  reduce 47
	'%'  reduce 47
	'>'  reduce 47
	'<'  reduce 47
	'.'  reduce 47
	'['  reduce 47


state 86
	Receiver : Expr . '.'  (42)
	LValue : Expr . '[' Expr ']'  (45)
	Expr : Expr . '+' Expr  (50)
	Expr : Expr . '-' Expr  (51)
	Expr : Expr . '*' Expr  (52)
	Expr : Expr . '/' Expr  (53)
	Expr : Expr . '%' Expr  (54)
	Expr : Expr . EQUAL Expr  (55)
	Expr : Expr . NOT_EQUAL Expr  (56)
	Expr : Expr . '<' Expr  (57)
	Expr : Expr . '>' Expr  (58)
	Expr : Expr . LESS_EQUAL Expr  (59)
	Expr : Expr . GREATER_EQUAL Expr  (60)
	Expr : Expr . AND Expr  (61)
	Expr : Expr . OR Expr  (62)

	AND  shift 121
	OR  shift 122
	LESS_EQUAL  shift 123
	GREATER_EQUAL  shift 124
	EQUAL  shift 125
	NOT_EQUAL  shift 126
	'+'  shift 127
	'-'  shift 128
	'*'  shift 129
	'/'  shift 130
	'%'  shift 131
	'>'  shift 132
	'<'  shift 133
	'.'  shift 134
	'['  shift 135
	.  error


state 87
	SimpleStmt : Call .  (40)
	Expr : Call .  (48)

	AND  reduce 48
	OR  reduce 48
	LESS_EQUAL  reduce 48
	GREATER_EQUAL  reduce 48
	EQUAL  reduce 48
	NOT_EQUAL  reduce 48
	'+'  reduce 48
	'-'  reduce 48
	'*'  reduce 48
	'/'  reduce 48
	'%'  reduce 48
	'>'  reduce 48
	'<'  reduce 48
	'.'  reduce 48
	';'  reduce 40
	')'  reduce 40
	'['  reduce 48


state 88
	LValue : Receiver . IDENTIFIER  (44)
	Call : Receiver . IDENTIFIER '(' Actuals ')'  (46)

	IDENTIFIER  shift 136
	.  error


state 89
	Expr : Constant .  (49)

	.  reduce 49


state 90
	WhileStmt : WHILE '(' . Expr ')' Stmt  (94)
	Receiver : .  (43)

	NULL  shift 47
	THIS  shift 48
	SUPER  shift 51
	NEW  shift 55
	READ_INTEGER  shift 58
	READ_LINE  shift 59
	DCOPY  shift 60
	SCOPY  shift 61
	CASE  shift 62
	LITERAL  shift 64
	INSTANCEOF  shift 65
	'-'  shift 66
	'!'  shift 67
	'('  shift 68
	'@'  shift 70
	'$'  shift 71
	'#'  shift 72
	IDENTIFIER  reduce 43

	LValue  goto 93
	Expr  goto 137
	Call  goto 95
	Receiver  goto 88
	Constant  goto 89


state 91
	ForStmt : FOR '(' . SimpleStmt ';' Expr ';' SimpleStmt ')' Stmt  (95)
	SimpleStmt : .  (41)
	Receiver : .  (43)

	NULL  shift 47
	THIS  shift 48
	SUPER  shift 51
	NEW  shift 55
	READ_INTEGER  shift 58
	READ_LINE  shift 59
	DCOPY  shift 60
	SCOPY  shift 61
	CASE  shift 62
	LITERAL  shift 64
	INSTANCEOF  shift 65
	'-'  shift 66
	'!'  shift 67
	'('  shift 68
	'@'  shift 70
	'$'  shift 71
	'#'  shift 72
	IDENTIFIER  reduce 43
	';'  reduce 41

	SimpleStmt  goto 138
	LValue  goto 85
	Expr  goto 86
	Call  goto 87
	Receiver  goto 88
	Constant  goto 89


state 92
	IfStmt : IF '(' . Expr ')' Stmt ElseClause  (97)
	Receiver : .  (43)

	NULL  shift 47
	THIS  shift 48
	SUPER  shift 51
	NEW  shift 55
	READ_INTEGER  shift 58
	READ_LINE  shift 59
	DCOPY  shift 60
	SCOPY  shift 61
	CASE  shift 62
	LITERAL  shift 64
	INSTANCEOF  shift 65
	'-'  shift 66
	'!'  shift 67
	'('  shift 68
	'@'  shift 70
	'$'  shift 71
	'#'  shift 72
	IDENTIFIER  reduce 43

	LValue  goto 93
	Expr  goto 139
	Call  goto 95
	Receiver  goto 88
	Constant  goto 89


state 93
	Expr : LValue .  (47)

	.  reduce 47


state 94
	Receiver : Expr . '.'  (42)
	LValue : Expr . '[' Expr ']'  (45)
	Expr : Expr . '+' Expr  (50)
	Expr : Expr . '-' Expr  (51)
	Expr : Expr . '*' Expr  (52)
	Expr : Expr . '/' Expr  (53)
	Expr : Expr . '%' Expr  (54)
	Expr : Expr . EQUAL Expr  (55)
	Expr : Expr . NOT_EQUAL Expr  (56)
	Expr : Expr . '<' Expr  (57)
	Expr : Expr . '>' Expr  (58)
	Expr : Expr . LESS_EQUAL Expr  (59)
	Expr : Expr . GREATER_EQUAL Expr  (60)
	Expr : Expr . AND Expr  (61)
	Expr : Expr . OR Expr  (62)
	ReturnStmt : RETURN Expr .  (100)

	AND  shift 121
	OR  shift 122
	LESS_EQUAL  shift 123
	GREATER_EQUAL  shift 124
	EQUAL  shift 125
	NOT_EQUAL  shift 126
	'+'  shift 127
	'-'  shift 128
	'*'  shift 129
	'/'  shift 130
	'%'  shift 131
	'>'  shift 132
	'<'  shift 133
	'.'  shift 134
	'['  shift 135
	';'  reduce 100


state 95
	Expr : Call .  (48)

	.  reduce 48


state 96
	Expr : NEW IDENTIFIER . '(' ')'  (76)

	'('  shift 140
	.  error


state 97
	Type : Type . '[' ']'  (12)
	Expr : NEW Type . '[' Expr ']'  (77)

	'['  shift 141
	.  error


state 98
	DoBranchList : DoBranchList . DoBranch  (86)
	DoStmt : DO DoBranchList . DoSubStmt OD  (104)
	Receiver : .  (43)

	NULL  shift 47
	THIS  shift 48
	SUPER  shift 51
	NEW  shift 55
	READ_INTEGER  shift 58
	READ_LINE  shift 59
	DCOPY  shift 60
	SCOPY  shift 61
	CASE  shift 62
	LITERAL  shift 64
	INSTANCEOF  shift 65
	'-'  shift 66
	'!'  shift 67
	'('  shift 68
	'@'  shift 70
	'$'  shift 71
	'#'  shift 72
	IDENTIFIER  reduce 43

	LValue  goto 93
	Expr  goto 142
	Call  goto 95
	Receiver  goto 88
	Constant  goto 89
	DoBranch  goto 143
	DoSubStmt  goto 144


state 99
	PrintStmt : PRINT '(' . ExprList ')'  (102)
	Receiver : .  (43)

	NULL  shift 47
	THIS  shift 48
	SUPER  shift 51
	NEW  shift 55
	READ_INTEGER  shift 58
	READ_LINE  shift 59
	DCOPY  shift 60
	SCOPY  shift 61
	CASE  shift 62
	LITERAL  shift 64
	INSTANCEOF  shift 65
	'-'  shift 66
	'!'  shift 67
	'('  shift 68
	'@'  shift 70
	'$'  shift 71
	'#'  shift 72
	IDENTIFIER  reduce 43

	LValue  goto 93
	Expr  goto 145
	Call  goto 95
	Receiver  goto 88
	Constant  goto 89
	ExprList  goto 146


state 100
	Expr : READ_INTEGER '(' . ')'  (69)

	')'  shift 147
	.  error


state 101
	Expr : READ_LINE '(' . ')'  (70)

	')'  shift 148
	.  error


state 102
	Expr : DCOPY '(' . Expr ')'  (73)
	Receiver : .  (43)

	NULL  shift 47
	THIS  shift 48
	SUPER  shift 51
	NEW  shift 55
	READ_INTEGER  shift 58
	READ_LINE  shift 59
	DCOPY  shift 60
	SCOPY  shift 61
	CASE  shift 62
	LITERAL  shift 64
	INSTANCEOF  shift 65
	'-'  shift 66
	'!'  shift 67
	'('  shift 68
	'@'  shift 70
	'$'  shift 71
	'#'  shift 72
	IDENTIFIER  reduce 43

	LValue  goto 93
	Expr  goto 149
	Call  goto 95
	Receiver  goto 88
	Constant  goto 89


state 103
	Expr : SCOPY '(' . Expr ')'  (74)
	Receiver : .  (43)

	NULL  shift 47
	THIS  shift 48
	SUPER  shift 51
	NEW  shift 55
	READ_INTEGER  shift 58
	READ_LINE  shift 59
	DCOPY  shift 60
	SCOPY  shift 61
	CASE  shift 62
	LITERAL  shift 64
	INSTANCEOF  shift 65
	'-'  shift 66
	'!'  shift 67
	'('  shift 68
	'@'  shift 70
	'$'  shift 71
	'#'  shift 72
	IDENTIFIER  reduce 43

	LValue  goto 93
	Expr  goto 150
	Call  goto 95
	Receiver  goto 88
	Constant  goto 89


state 104
	Expr : CASE '(' . Expr ')' '{' ACaseList DefaultExpr '}'  (75)
	Receiver : .  (43)

	NULL  shift 47
	THIS  shift 48
	SUPER  shift 51
	NEW  shift 55
	READ_INTEGER  shift 58
	READ_LINE  shift 59
	DCOPY  shift 60
	SCOPY  shift 61
	CASE  shift 62
	LITERAL  shift 64
	INSTANCEOF  shift 65
	'-'  shift 66
	'!'  shift 67
	'('  shift 68
	'@'  shift 70
	'$'  shift 71
	'#'  shift 72
	IDENTIFIER  reduce 43

	LValue  goto 93
	Expr  goto 151
	Call  goto 95
	Receiver  goto 88
	Constant  goto 89


state 105
	PrintCompStmt : PRINTCOMP '(' . ExprList ')'  (103)
	Receiver : .  (43)

	NULL  shift 47
	THIS  shift 48
	SUPER  shift 51
	NEW  shift 55
	READ_INTEGER  shift 58
	READ_LINE  shift 59
	DCOPY  shift 60
	SCOPY  shift 61
	CASE  shift 62
	LITERAL  shift 64
	INSTANCEOF  shift 65
	'-'  shift 66
	'!'  shift 67
	'('  shift 68
	'@'  shift 70
	'$'  shift 71
	'#'  shift 72
	IDENTIFIER  reduce 43

	LValue  goto 93
	Expr  goto 145
	Call  goto 95
	Receiver  goto 88
	Constant  goto 89
	ExprList  goto 152


state 106
	Expr : INSTANCEOF '(' . Expr ',' IDENTIFIER ')'  (78)
	Receiver : .  (43)

	NULL  shift 47
	THIS  shift 48
	SUPER  shift 51
	NEW  shift 55
	READ_INTEGER  shift 58
	READ_LINE  shift 59
	DCOPY  shift 60
	SCOPY  shift 61
	CASE  shift 62
	LITERAL  shift 64
	INSTANCEOF  shift 65
	'-'  shift 66
	'!'  shift 67
	'('  shift 68
	'@'  shift 70
	'$'  shift 71
	'#'  shift 72
	IDENTIFIER  reduce 43

	LValue  goto 93
	Expr  goto 153
	Call  goto 95
	Receiver  goto 88
	Constant  goto 89


state 107
	Receiver : Expr . '.'  (42)
	LValue : Expr . '[' Expr ']'  (45)
	Expr : Expr . '+' Expr  (50)
	Expr : Expr . '-' Expr  (51)
	Expr : Expr . '*' Expr  (52)
	Expr : Expr . '/' Expr  (53)
	Expr : Expr . '%' Expr  (54)
	Expr : Expr . EQUAL Expr  (55)
	Expr : Expr . NOT_EQUAL Expr  (56)
	Expr : Expr . '<' Expr  (57)
	Expr : Expr . '>' Expr  (58)
	Expr : Expr . LESS_EQUAL Expr  (59)
	Expr : Expr . GREATER_EQUAL Expr  (60)
	Expr : Expr . AND Expr  (61)
	Expr : Expr . OR Expr  (62)
	Expr : '-' Expr .  (64)

	'.'  shift 134
	'['  shift 135
	AND  reduce 64
	OR  reduce 64
	LESS_EQUAL  reduce 64
	GREATER_EQUAL  reduce 64
	EQUAL  reduce 64
	NOT_EQUAL  reduce 64
	'+'  reduce 64
	'-'  reduce 64
	'*'  reduce 64
	'/'  reduce 64
	'%'  reduce 64
	'>'  reduce 64
	'<'  reduce 64
	':'  reduce 64
	','  reduce 64
	';'  reduce 64
	')'  reduce 64
	']'  reduce 64


state 108
	Receiver : Expr . '.'  (42)
	LValue : Expr . '[' Expr ']'  (45)
	Expr : Expr . '+' Expr  (50)
	Expr : Expr . '-' Expr  (51)
	Expr : Expr . '*' Expr  (52)
	Expr : Expr . '/' Expr  (53)
	Expr : Expr . '%' Expr  (54)
	Expr : Expr . EQUAL Expr  (55)
	Expr : Expr . NOT_EQUAL Expr  (56)
	Expr : Expr . '<' Expr  (57)
	Expr : Expr . '>' Expr  (58)
	Expr : Expr . LESS_EQUAL Expr  (59)
	Expr : Expr . GREATER_EQUAL Expr  (60)
	Expr : Expr . AND Expr  (61)
	Expr : Expr . OR Expr  (62)
	Expr : '!' Expr .  (68)

	'.'  shift 134
	'['  shift 135
	AND  reduce 68
	OR  reduce 68
	LESS_EQUAL  reduce 68
	GREATER_EQUAL  reduce 68
	EQUAL  reduce 68
	NOT_EQUAL  reduce 68
	'+'  reduce 68
	'-'  reduce 68
	'*'  reduce 68
	'/'  reduce 68
	'%'  reduce 68
	'>'  reduce 68
	'<'  reduce 68
	':'  reduce 68
	','  reduce 68
	';'  reduce 68
	')'  reduce 68
	']'  reduce 68


state 109
	Expr : '(' CLASS . IDENTIFIER ')' Expr  (79)

	IDENTIFIER  shift 154
	.  error


state 110
	Receiver : Expr . '.'  (42)
	LValue : Expr . '[' Expr ']'  (45)
	Expr : Expr . '+' Expr  (50)
	Expr : Expr . '-' Expr  (51)
	Expr : Expr . '*' Expr  (52)
	Expr : Expr . '/' Expr  (53)
	Expr : Expr . '%' Expr  (54)
	Expr : Expr . EQUAL Expr  (55)
	Expr : Expr . NOT_EQUAL Expr  (56)
	Expr : Expr . '<' Expr  (57)
	Expr : Expr . '>' Expr  (58)
	Expr : Expr . LESS_EQUAL Expr  (59)
	Expr : Expr . GREATER_EQUAL Expr  (60)
	Expr : Expr . AND Expr  (61)
	Expr : Expr . OR Expr  (62)
	Expr : '(' Expr . ')'  (63)

	AND  shift 121
	OR  shift 122
	LESS_EQUAL  shift 123
	GREATER_EQUAL  shift 124
	EQUAL  shift 125
	NOT_EQUAL  shift 126
	'+'  shift 127
	'-'  shift 128
	'*'  shift 129
	'/'  shift 130
	'%'  shift 131
	'>'  shift 132
	'<'  shift 133
	'.'  shift 134
	')'  shift 155
	'['  shift 135
	.  error


state 111
	Receiver : Expr . '.'  (42)
	LValue : Expr . '[' Expr ']'  (45)
	Expr : Expr . '+' Expr  (50)
	Expr : Expr . '-' Expr  (51)
	Expr : Expr . '*' Expr  (52)
	Expr : Expr . '/' Expr  (53)
	Expr : Expr . '%' Expr  (54)
	Expr : Expr . EQUAL Expr  (55)
	Expr : Expr . NOT_EQUAL Expr  (56)
	Expr : Expr . '<' Expr  (57)
	Expr : Expr . '>' Expr  (58)
	Expr : Expr . LESS_EQUAL Expr  (59)
	Expr : Expr . GREATER_EQUAL Expr  (60)
	Expr : Expr . AND Expr  (61)
	Expr : Expr . OR Expr  (62)
	Expr : '@' Expr .  (65)

	.  reduce 65


state 112
	Receiver : Expr . '.'  (42)
	LValue : Expr . '[' Expr ']'  (45)
	Expr : Expr . '+' Expr  (50)
	Expr : Expr . '-' Expr  (51)
	Expr : Expr . '*' Expr  (52)
	Expr : Expr . '/' Expr  (53)
	Expr : Expr . '%' Expr  (54)
	Expr : Expr . EQUAL Expr  (55)
	Expr : Expr . NOT_EQUAL Expr  (56)
	Expr : Expr . '<' Expr  (57)
	Expr : Expr . '>' Expr  (58)
	Expr : Expr . LESS_EQUAL Expr  (59)
	Expr : Expr . GREATER_EQUAL Expr  (60)
	Expr : Expr . AND Expr  (61)
	Expr : Expr . OR Expr  (62)
	Expr : '$' Expr .  (66)

	.  reduce 66


state 113
	Receiver : Expr . '.'  (42)
	LValue : Expr . '[' Expr ']'  (45)
	Expr : Expr . '+' Expr  (50)
	Expr : Expr . '-' Expr  (51)
	Expr : Expr . '*' Expr  (52)
	Expr : Expr . '/' Expr  (53)
	Expr : Expr . '%' Expr  (54)
	Expr : Expr . EQUAL Expr  (55)
	Expr : Expr . NOT_EQUAL Expr  (56)
	Expr : Expr . '<' Expr  (57)
	Expr : Expr . '>' Expr  (58)
	Expr : Expr . LESS_EQUAL Expr  (59)
	Expr : Expr . GREATER_EQUAL Expr  (60)
	Expr : Expr . AND Expr  (61)
	Expr : Expr . OR Expr  (62)
	Expr : '#' Expr .  (67)

	.  reduce 67


state 114
	Stmt : SimpleStmt ';' .  (29)

	.  reduce 29


state 115
	Stmt : ReturnStmt ';' .  (33)

	.  reduce 33


state 116
	Stmt : PrintStmt ';' .  (34)

	.  reduce 34


state 117
	Stmt : BreakStmt ';' .  (35)

	.  reduce 35


state 118
	Stmt : PrintCompStmt ';' .  (36)

	.  reduce 36


state 119
	Stmt : DoStmt ';' .  (37)

	.  reduce 37


state 120
	SimpleStmt : LValue '=' . Expr  (39)
	Receiver : .  (43)

	NULL  shift 47
	THIS  shift 48
	SUPER  shift 51
	NEW  shift 55
	READ_INTEGER  shift 58
	READ_LINE  shift 59
	DCOPY  shift 60
	SCOPY  shift 61
	CASE  shift 62
	LITERAL  shift 64
	INSTANCEOF  shift 65
	'-'  shift 66
	'!'  shift 67
	'('  shift 68
	'@'  shift 70
	'$'  shift 71
	'#'  shift 72
	IDENTIFIER  reduce 43

	LValue  goto 93
	Expr  goto 156
	Call  goto 95
	Receiver  goto 88
	Constant  goto 89


state 121
	Expr : Expr AND . Expr  (61)
	Receiver : .  (43)

	NULL  shift 47
	THIS  shift 48
	SUPER  shift 51
	NEW  shift 55
	READ_INTEGER  shift 58
	READ_LINE  shift 59
	DCOPY  shift 60
	SCOPY  shift 61
	CASE  shift 62
	LITERAL  shift 64
	INSTANCEOF  shift 65
	'-'  shift 66
	'!'  shift 67
	'('  shift 68
	'@'  shift 70
	'$'  shift 71
	'#'  shift 72
	IDENTIFIER  reduce 43

	LValue  goto 93
	Expr  goto 157
	Call  goto 95
	Receiver  goto 88
	Constant  goto 89


state 122
	Expr : Expr OR . Expr  (62)
	Receiver : .  (43)

	NULL  shift 47
	THIS  shift 48
	SUPER  shift 51
	NEW  shift 55
	READ_INTEGER  shift 58
	READ_LINE  shift 59
	DCOPY  shift 60
	SCOPY  shift 61
	CASE  shift 62
	LITERAL  shift 64
	INSTANCEOF  shift 65
	'-'  shift 66
	'!'  shift 67
	'('  shift 68
	'@'  shift 70
	'$'  shift 71
	'#'  shift 72
	IDENTIFIER  reduce 43

	LValue  goto 93
	Expr  goto 158
	Call  goto 95
	Receiver  goto 88
	Constant  goto 89


state 123
	Expr : Expr LESS_EQUAL . Expr  (59)
	Receiver : .  (43)

	NULL  shift 47
	THIS  shift 48
	SUPER  shift 51
	NEW  shift 55
	READ_INTEGER  shift 58
	READ_LINE  shift 59
	DCOPY  shift 60
	SCOPY  shift 61
	CASE  shift 62
	LITERAL  shift 64
	INSTANCEOF  shift 65
	'-'  shift 66
	'!'  shift 67
	'('  shift 68
	'@'  shift 70
	'$'  shift 71
	'#'  shift 72
	IDENTIFIER  reduce 43

	LValue  goto 93
	Expr  goto 159
	Call  goto 95
	Receiver  goto 88
	Constant  goto 89


state 124
	Expr : Expr GREATER_EQUAL . Expr  (60)
	Receiver : .  (43)

	NULL  shift 47
	THIS  shift 48
	SUPER  shift 51
	NEW  shift 55
	READ_INTEGER  shift 58
	READ_LINE  shift 59
	DCOPY  shift 60
	SCOPY  shift 61
	CASE  shift 62
	LITERAL  shift 64
	INSTANCEOF  shift 65
	'-'  shift 66
	'!'  shift 67
	'('  shift 68
	'@'  shift 70
	'$'  shift 71
	'#'  shift 72
	IDENTIFIER  reduce 43

	LValue  goto 93
	Expr  goto 160
	Call  goto 95
	Receiver  goto 88
	Constant  goto 89


state 125
	Expr : Expr EQUAL . Expr  (55)
	Receiver : .  (43)

	NULL  shift 47
	THIS  shift 48
	SUPER  shift 51
	NEW  shift 55
	READ_INTEGER  shift 58
	READ_LINE  shift 59
	DCOPY  shift 60
	SCOPY  shift 61
	CASE  shift 62
	LITERAL  shift 64
	INSTANCEOF  shift 65
	'-'  shift 66
	'!'  shift 67
	'('  shift 68
	'@'  shift 70
	'$'  shift 71
	'#'  shift 72
	IDENTIFIER  reduce 43

	LValue  goto 93
	Expr  goto 161
	Call  goto 95
	Receiver  goto 88
	Constant  goto 89


state 126
	Expr : Expr NOT_EQUAL . Expr  (56)
	Receiver : .  (43)

	NULL  shift 47
	THIS  shift 48
	SUPER  shift 51
	NEW  shift 55
	READ_INTEGER  shift 58
	READ_LINE  shift 59
	DCOPY  shift 60
	SCOPY  shift 61
	CASE  shift 62
	LITERAL  shift 64
	INSTANCEOF  shift 65
	'-'  shift 66
	'!'  shift 67
	'('  shift 68
	'@'  shift 70
	'$'  shift 71
	'#'  shift 72
	IDENTIFIER  reduce 43

	LValue  goto 93
	Expr  goto 162
	Call  goto 95
	Receiver  goto 88
	Constant  goto 89


state 127
	Expr : Expr '+' . Expr  (50)
	Receiver : .  (43)

	NULL  shift 47
	THIS  shift 48
	SUPER  shift 51
	NEW  shift 55
	READ_INTEGER  shift 58
	READ_LINE  shift 59
	DCOPY  shift 60
	SCOPY  shift 61
	CASE  shift 62
	LITERAL  shift 64
	INSTANCEOF  shift 65
	'-'  shift 66
	'!'  shift 67
	'('  shift 68
	'@'  shift 70
	'$'  shift 71
	'#'  shift 72
	IDENTIFIER  reduce 43

	LValue  goto 93
	Expr  goto 163
	Call  goto 95
	Receiver  goto 88
	Constant  goto 89


state 128
	Expr : Expr '-' . Expr  (51)
	Receiver : .  (43)

	NULL  shift 47
	THIS  shift 48
	SUPER  shift 51
	NEW  shift 55
	READ_INTEGER  shift 58
	READ_LINE  shift 59
	DCOPY  shift 60
	SCOPY  shift 61
	CASE  shift 62
	LITERAL  shift 64
	INSTANCEOF  shift 65
	'-'  shift 66
	'!'  shift 67
	'('  shift 68
	'@'  shift 70
	'$'  shift 71
	'#'  shift 72
	IDENTIFIER  reduce 43

	LValue  goto 93
	Expr  goto 164
	Call  goto 95
	Receiver  goto 88
	Constant  goto 89


state 129
	Expr : Expr '*' . Expr  (52)
	Receiver : .  (43)

	NULL  shift 47
	THIS  shift 48
	SUPER  shift 51
	NEW  shift 55
	READ_INTEGER  shift 58
	READ_LINE  shift 59
	DCOPY  shift 60
	SCOPY  shift 61
	CASE  shift 62
	LITERAL  shift 64
	INSTANCEOF  shift 65
	'-'  shift 66
	'!'  shift 67
	'('  shift 68
	'@'  shift 70
	'$'  shift 71
	'#'  shift 72
	IDENTIFIER  reduce 43

	LValue  goto 93
	Expr  goto 165
	Call  goto 95
	Receiver  goto 88
	Constant  goto 89


state 130
	Expr : Expr '/' . Expr  (53)
	Receiver : .  (43)

	NULL  shift 47
	THIS  shift 48
	SUPER  shift 51
	NEW  shift 55
	READ_INTEGER  shift 58
	READ_LINE  shift 59
	DCOPY  shift 60
	SCOPY  shift 61
	CASE  shift 62
	LITERAL  shift 64
	INSTANCEOF  shift 65
	'-'  shift 66
	'!'  shift 67
	'('  shift 68
	'@'  shift 70
	'$'  shift 71
	'#'  shift 72
	IDENTIFIER  reduce 43

	LValue  goto 93
	Expr  goto 166
	Call  goto 95
	Receiver  goto 88
	Constant  goto 89


state 131
	Expr : Expr '%' . Expr  (54)
	Receiver : .  (43)

	NULL  shift 47
	THIS  shift 48
	SUPER  shift 51
	NEW  shift 55
	READ_INTEGER  shift 58
	READ_LINE  shift 59
	DCOPY  shift 60
	SCOPY  shift 61
	CASE  shift 62
	LITERAL  shift 64
	INSTANCEOF  shift 65
	'-'  shift 66
	'!'  shift 67
	'('  shift 68
	'@'  shift 70
	'$'  shift 71
	'#'  shift 72
	IDENTIFIER  reduce 43

	LValue  goto 93
	Expr  goto 167
	Call  goto 95
	Receiver  goto 88
	Constant  goto 89


state 132
	Expr : Expr '>' . Expr  (58)
	Receiver : .  (43)

	NULL  shift 47
	THIS  shift 48
	SUPER  shift 51
	NEW  shift 55
	READ_INTEGER  shift 58
	READ_LINE  shift 59
	DCOPY  shift 60
	SCOPY  shift 61
	CASE  shift 62
	LITERAL  shift 64
	INSTANCEOF  shift 65
	'-'  shift 66
	'!'  shift 67
	'('  shift 68
	'@'  shift 70
	'$'  shift 71
	'#'  shift 72
	IDENTIFIER  reduce 43

	LValue  goto 93
	Expr  goto 168
	Call  goto 95
	Receiver  goto 88
	Constant  goto 89


state 133
	Expr : Expr '<' . Expr  (57)
	Receiver : .  (43)

	NULL  shift 47
	THIS  shift 48
	SUPER  shift 51
	NEW  shift 55
	READ_INTEGER  shift 58
	READ_LINE  shift 59
	DCOPY  shift 60
	SCOPY  shift 61
	CASE  shift 62
	LITERAL  shift 64
	INSTANCEOF  shift 65
	'-'  shift 66
	'!'  shift 67
	'('  shift 68
	'@'  shift 70
	'$'  shift 71
	'#'  shift 72
	IDENTIFIER  reduce 43

	LValue  goto 93
	Expr  goto 169
	Call  goto 95
	Receiver  goto 88
	Constant  goto 89


state 134
	Receiver : Expr '.' .  (42)

	.  reduce 42


state 135
	LValue : Expr '[' . Expr ']'  (45)
	Receiver : .  (43)

	NULL  shift 47
	THIS  shift 48
	SUPER  shift 51
	NEW  shift 55
	READ_INTEGER  shift 58
	READ_LINE  shift 59
	DCOPY  shift 60
	SCOPY  shift 61
	CASE  shift 62
	LITERAL  shift 64
	INSTANCEOF  shift 65
	'-'  shift 66
	'!'  shift 67
	'('  shift 68
	'@'  shift 70
	'$'  shift 71
	'#'  shift 72
	IDENTIFIER  reduce 43

	LValue  goto 93
	Expr  goto 170
	Call  goto 95
	Receiver  goto 88
	Constant  goto 89


state 136
	LValue : Receiver IDENTIFIER .  (44)
	Call : Receiver IDENTIFIER . '(' Actuals ')'  (46)

	'('  shift 171
	AND  reduce 44
	OR  reduce 44
	LESS_EQUAL  reduce 44
	GREATER_EQUAL  reduce 44
	EQUAL  reduce 44
	NOT_EQUAL  reduce 44
	'+'  reduce 44
	'-'  reduce 44
	'*'  reduce 44
	'/'  reduce 44
	'%'  reduce 44
	'='  reduce 44
	'>'  reduce 44
	'<'  reduce 44
	'.'  reduce 44
	':'  reduce 44
	','  reduce 44
	';'  reduce 44
	')'  reduce 44
	'['  reduce 44
	']'  reduce 44


state 137
	Receiver : Expr . '.'  (42)
	LValue : Expr . '[' Expr ']'  (45)
	Expr : Expr . '+' Expr  (50)
	Expr : Expr . '-' Expr  (51)
	Expr : Expr . '*' Expr  (52)
	Expr : Expr . '/' Expr  (53)
	Expr : Expr . '%' Expr  (54)
	Expr : Expr . EQUAL Expr  (55)
	Expr : Expr . NOT_EQUAL Expr  (56)
	Expr : Expr . '<' Expr  (57)
	Expr : Expr . '>' Expr  (58)
	Expr : Expr . LESS_EQUAL Expr  (59)
	Expr : Expr . GREATER_EQUAL Expr  (60)
	Expr : Expr . AND Expr  (61)
	Expr : Expr . OR Expr  (62)
	WhileStmt : WHILE '(' Expr . ')' Stmt  (94)

	AND  shift 121
	OR  shift 122
	LESS_EQUAL  shift 123
	GREATER_EQUAL  shift 124
	EQUAL  shift 125
	NOT_EQUAL  shift 126
	'+'  shift 127
	'-'  shift 128
	'*'  shift 129
	'/'  shift 130
	'%'  shift 131
	'>'  shift 132
	'<'  shift 133
	'.'  shift 134
	')'  shift 172
	'['  shift 135
	.  error


state 138
	ForStmt : FOR '(' SimpleStmt . ';' Expr ';' SimpleStmt ')' Stmt  (95)

	';'  shift 173
	.  error


state 139
	Receiver : Expr . '.'  (42)
	LValue : Expr . '[' Expr ']'  (45)
	Expr : Expr . '+' Expr  (50)
	Expr : Expr . '-' Expr  (51)
	Expr : Expr . '*' Expr  (52)
	Expr : Expr . '/' Expr  (53)
	Expr : Expr . '%' Expr  (54)
	Expr : Expr . EQUAL Expr  (55)
	Expr : Expr . NOT_EQUAL Expr  (56)
	Expr : Expr . '<' Expr  (57)
	Expr : Expr . '>' Expr  (58)
	Expr : Expr . LESS_EQUAL Expr  (59)
	Expr : Expr . GREATER_EQUAL Expr  (60)
	Expr : Expr . AND Expr  (61)
	Expr : Expr . OR Expr  (62)
	IfStmt : IF '(' Expr . ')' Stmt ElseClause  (97)

	AND  shift 121
	OR  shift 122
	LESS_EQUAL  shift 123
	GREATER_EQUAL  shift 124
	EQUAL  shift 125
	NOT_EQUAL  shift 126
	'+'  shift 127
	'-'  shift 128
	'*'  shift 129
	'/'  shift 130
	'%'  shift 131
	'>'  shift 132
	'<'  shift 133
	'.'  shift 134
	')'  shift 174
	'['  shift 135
	.  error


state 140
	Expr : NEW IDENTIFIER '(' . ')'  (76)

	')'  shift 175
	.  error


state 141
	Type : Type '[' . ']'  (12)
	Expr : NEW Type '[' . Expr ']'  (77)
	Receiver : .  (43)

	NULL  shift 47
	THIS  shift 48
	SUPER  shift 51
	NEW  shift 55
	READ_INTEGER  shift 58
	READ_LINE  shift 59
	DCOPY  shift 60
	SCOPY  shift 61
	CASE  shift 62
	LITERAL  shift 64
	INSTANCEOF  shift 65
	'-'  shift 66
	'!'  shift 67
	'('  shift 68
	']'  shift 31
	'@'  shift 70
	'$'  shift 71
	'#'  shift 72
	IDENTIFIER  reduce 43

	LValue  goto 93
	Expr  goto 176
	Call  goto 95
	Receiver  goto 88
	Constant  goto 89


state 142
	Receiver : Expr . '.'  (42)
	LValue : Expr . '[' Expr ']'  (45)
	Expr : Expr . '+' Expr  (50)
	Expr : Expr . '-' Expr  (51)
	Expr : Expr . '*' Expr  (52)
	Expr : Expr . '/' Expr  (53)
	Expr : Expr . '%' Expr  (54)
	Expr : Expr . EQUAL Expr  (55)
	Expr : Expr . NOT_EQUAL Expr  (56)
	Expr : Expr . '<' Expr  (57)
	Expr : Expr . '>' Expr  (58)
	Expr : Expr . LESS_EQUAL Expr  (59)
	Expr : Expr . GREATER_EQUAL Expr  (60)
	Expr : Expr . AND Expr  (61)
	Expr : Expr . OR Expr  (62)
	DoSubStmt : Expr . ':' Stmt  (89)

	AND  shift 121
	OR  shift 122
	LESS_EQUAL  shift 123
	GREATER_EQUAL  shift 124
	EQUAL  shift 125
	NOT_EQUAL  shift 126
	'+'  shift 127
	'-'  shift 128
	'*'  shift 129
	'/'  shift 130
	'%'  shift 131
	'>'  shift 132
	'<'  shift 133
	'.'  shift 134
	':'  shift 177
	'['  shift 135
	.  error


state 143
	DoBranchList : DoBranchList DoBranch .  (86)

	.  reduce 86


state 144
	DoBranch : DoSubStmt . SEPARATOR  (88)
	DoStmt : DO DoBranchList DoSubStmt . OD  (104)

	OD  shift 178
	SEPARATOR  shift 179
	.  error


state 145
	Receiver : Expr . '.'  (42)
	LValue : Expr . '[' Expr ']'  (45)
	Expr : Expr . '+' Expr  (50)
	Expr : Expr . '-' Expr  (51)
	Expr : Expr . '*' Expr  (52)
	Expr : Expr . '/' Expr  (53)
	Expr : Expr . '%' Expr  (54)
	Expr : Expr . EQUAL Expr  (55)
	Expr : Expr . NOT_EQUAL Expr  (56)
	Expr : Expr . '<' Expr  (57)
	Expr : Expr . '>' Expr  (58)
	Expr : Expr . LESS_EQUAL Expr  (59)
	Expr : Expr . GREATER_EQUAL Expr  (60)
	Expr : Expr . AND Expr  (61)
	Expr : Expr . OR Expr  (62)
	ExprList : Expr .  (85)

	AND  shift 121
	OR  shift 122
	LESS_EQUAL  shift 123
	GREATER_EQUAL  shift 124
	EQUAL  shift 125
	NOT_EQUAL  shift 126
	'+'  shift 127
	'-'  shift 128
	'*'  shift 129
	'/'  shift 130
	'%'  shift 131
	'>'  shift 132
	'<'  shift 133
	'.'  shift 134
	'['  shift 135
	','  reduce 85
	')'  reduce 85


state 146
	ExprList : ExprList . ',' Expr  (84)
	PrintStmt : PRINT '(' ExprList . ')'  (102)

	','  shift 180
	')'  shift 181
	.  error


state 147
	Expr : READ_INTEGER '(' ')' .  (69)

	.  reduce 69


state 148
	Expr : READ_LINE '(' ')' .  (70)

	.  reduce 70


state 149
	Receiver : Expr . '.'  (42)
	LValue : Expr . '[' Expr ']'  (45)
	Expr : Expr . '+' Expr  (50)
	Expr : Expr . '-' Expr  (51)
	Expr : Expr . '*' Expr  (52)
	Expr : Expr . '/' Expr  (53)
	Expr : Expr . '%' Expr  (54)
	Expr : Expr . EQUAL Expr  (55)
	Expr : Expr . NOT_EQUAL Expr  (56)
	Expr : Expr . '<' Expr  (57)
	Expr : Expr . '>' Expr  (58)
	Expr : Expr . LESS_EQUAL Expr  (59)
	Expr : Expr . GREATER_EQUAL Expr  (60)
	Expr : Expr . AND Expr  (61)
	Expr : Expr . OR Expr  (62)
	Expr : DCOPY '(' Expr . ')'  (73)

	AND  shift 121
	OR  shift 122
	LESS_EQUAL  shift 123
	GREATER_EQUAL  shift 124
	EQUAL  shift 125
	NOT_EQUAL  shift 126
	'+'  shift 127
	'-'  shift 128
	'*'  shift 129
	'/'  shift 130
	'%'  shift 131
	'>'  shift 132
	'<'  shift 133
	'.'  shift 134
	')'  shift 182
	'['  shift 135
	.  error


state 150
	Receiver : Expr . '.'  (42)
	LValue : Expr . '[' Expr ']'  (45)
	Expr : Expr . '+' Expr  (50)
	Expr : Expr . '-' Expr  (51)
	Expr : Expr . '*' Expr  (52)
	Expr : Expr . '/' Expr  (53)
	Expr : Expr . '%' Expr  (54)
	Expr : Expr . EQUAL Expr  (55)
	Expr : Expr . NOT_EQUAL Expr  (56)
	Expr : Expr . '<' Expr  (57)
	Expr : Expr . '>' Expr  (58)
	Expr : Expr . LESS_EQUAL Expr  (59)
	Expr : Expr . GREATER_EQUAL Expr  (60)
	Expr : Expr . AND Expr  (61)
	Expr : Expr . OR Expr  (62)
	Expr : SCOPY '(' Expr . ')'  (74)

	AND  shift 121
	OR  shift 122
	LESS_EQUAL  shift 123
	GREATER_EQUAL  shift 124
	EQUAL  shift 125
	NOT_EQUAL  shift 126
	'+'  shift 127
	'-'  shift 128
	'*'  shift 129
	'/'  shift 130
	'%'  shift 131
	'>'  shift 132
	'<'  shift 133
	'.'  shift 134
	')'  shift 183
	'['  shift 135
	.  error


state 151
	Receiver : Expr . '.'  (42)
	LValue : Expr . '[' Expr ']'  (45)
	Expr : Expr . '+' Expr  (50)
	Expr : Expr . '-' Expr  (51)
	Expr : Expr . '*' Expr  (52)
	Expr : Expr . '/' Expr  (53)
	Expr : Expr . '%' Expr  (54)
	Expr : Expr . EQUAL Expr  (55)
	Expr : Expr . NOT_EQUAL Expr  (56)
	Expr : Expr . '<' Expr  (57)
	Expr : Expr . '>' Expr  (58)
	Expr : Expr . LESS_EQUAL Expr  (59)
	Expr : Expr . GREATER_EQUAL Expr  (60)
	Expr : Expr . AND Expr  (61)
	Expr : Expr . OR Expr  (62)
	Expr : CASE '(' Expr . ')' '{' ACaseList DefaultExpr '}'  (75)

	AND  shift 121
	OR  shift 122
	LESS_EQUAL  shift 123
	GREATER_EQUAL  shift 124
	EQUAL  shift 125
	NOT_EQUAL  shift 126
	'+'  shift 127
	'-'  shift 128
	'*'  shift 129
	'/'  shift 130
	'%'  shift 131
	'>'  shift 132
	'<'  shift 133
	'.'  shift 134
	')'  shift 184
	'['  shift 135
	.  error


state 152
	ExprList : ExprList . ',' Expr  (84)
	PrintCompStmt : PRINTCOMP '(' ExprList . ')'  (103)

	','  shift 180
	')'  shift 185
	.  error


state 153
	Receiver : Expr . '.'  (42)
	LValue : Expr . '[' Expr ']'  (45)
	Expr : Expr . '+' Expr  (50)
	Expr : Expr . '-' Expr  (51)
	Expr : Expr . '*' Expr  (52)
	Expr : Expr . '/' Expr  (53)
	Expr : Expr . '%' Expr  (54)
	Expr : Expr . EQUAL Expr  (55)
	Expr : Expr . NOT_EQUAL Expr  (56)
	Expr : Expr . '<' Expr  (57)
	Expr : Expr . '>' Expr  (58)
	Expr : Expr . LESS_EQUAL Expr  (59)
	Expr : Expr . GREATER_EQUAL Expr  (60)
	Expr : Expr . AND Expr  (61)
	Expr : Expr . OR Expr  (62)
	Expr : INSTANCEOF '(' Expr . ',' IDENTIFIER ')'  (78)

	AND  shift 121
	OR  shift 122
	LESS_EQUAL  shift 123
	GREATER_EQUAL  shift 124
	EQUAL  shift 125
	NOT_EQUAL  shift 126
	'+'  shift 127
	'-'  shift 128
	'*'  shift 129
	'/'  shift 130
	'%'  shift 131
	'>'  shift 132
	'<'  shift 133
	'.'  shift 134
	','  shift 186
	'['  shift 135
	.  error


state 154
	Expr : '(' CLASS IDENTIFIER . ')' Expr  (79)

	')'  shift 187
	.  error


state 155
	Expr : '(' Expr ')' .  (63)

	.  reduce 63


state 156
	SimpleStmt : LValue '=' Expr .  (39)
	Receiver : Expr . '.'  (42)
	LValue : Expr . '[' Expr ']'  (45)
	Expr : Expr . '+' Expr  (50)
	Expr : Expr . '-' Expr  (51)
	Expr : Expr . '*' Expr  (52)
	Expr : Expr . '/' Expr  (53)
	Expr : Expr . '%' Expr  (54)
	Expr : Expr . EQUAL Expr  (55)
	Expr : Expr . NOT_EQUAL Expr  (56)
	Expr : Expr . '<' Expr  (57)
	Expr : Expr . '>' Expr  (58)
	Expr : Expr . LESS_EQUAL Expr  (59)
	Expr : Expr . GREATER_EQUAL Expr  (60)
	Expr : Expr . AND Expr  (61)
	Expr : Expr . OR Expr  (62)

	AND  shift 121
	OR  shift 122
	LESS_EQUAL  shift 123
	GREATER_EQUAL  shift 124
	EQUAL  shift 125
	NOT_EQUAL  shift 126
	'+'  shift 127
	'-'  shift 128
	'*'  shift 129
	'/'  shift 130
	'%'  shift 131
	'>'  shift 132
	'<'  shift 133
	'.'  shift 134
	'['  shift 135
	';'  reduce 39
	')'  reduce 39


state 157
	Receiver : Expr . '.'  (42)
	LValue : Expr . '[' Expr ']'  (45)
	Expr : Expr . '+' Expr  (50)
	Expr : Expr . '-' Expr  (51)
	Expr : Expr . '*' Expr  (52)
	Expr : Expr . '/' Expr  (53)
	Expr : Expr . '%' Expr  (54)
	Expr : Expr . EQUAL Expr  (55)
	Expr : Expr . NOT_EQUAL Expr  (56)
	Expr : Expr . '<' Expr  (57)
	Expr : Expr . '>' Expr  (58)
	Expr : Expr . LESS_EQUAL Expr  (59)
	Expr : Expr . GREATER_EQUAL Expr  (60)
	Expr : Expr . AND Expr  (61)
	Expr : Expr AND Expr .  (61)
	Expr : Expr . OR Expr  (62)

	LESS_EQUAL  shift 123
	GREATER_EQUAL  shift 124
	EQUAL  shift 125
	NOT_EQUAL  shift 126
	'+'  shift 127
	'-'  shift 128
	'*'  shift 129
	'/'  shift 130
	'%'  shift 131
	'>'  shift 132
	'<'  shift 133
	'.'  shift 134
	'['  shift 135
	AND  reduce 61
	OR  reduce 61
	':'  reduce 61
	','  reduce 61
	';'  reduce 61
	')'  reduce 61
	']'  reduce 61


state 158
	Receiver : Expr . '.'  (42)
	LValue : Expr . '[' Expr ']'  (45)
	Expr : Expr . '+' Expr  (50)
	Expr : Expr . '-' Expr  (51)
	Expr : Expr . '*' Expr  (52)
	Expr : Expr . '/' Expr  (53)
	Expr : Expr . '%' Expr  (54)
	Expr : Expr . EQUAL Expr  (55)
	Expr : Expr . NOT_EQUAL Expr  (56)
	Expr : Expr . '<' Expr  (57)
	Expr : Expr . '>' Expr  (58)
	Expr : Expr . LESS_EQUAL Expr  (59)
	Expr : Expr . GREATER_EQUAL Expr  (60)
	Expr : Expr . AND Expr  (61)
	Expr : Expr . OR Expr  (62)
	Expr : Expr OR Expr .  (62)

	AND  shift 121
	LESS_EQUAL  shift 123
	GREATER_EQUAL  shift 124
	EQUAL  shift 125
	NOT_EQUAL  shift 126
	'+'  shift 127
	'-'  shift 128
	'*'  shift 129
	'/'  shift 130
	'%'  shift 131
	'>'  shift 132
	'<'  shift 133
	'.'  shift 134
	'['  shift 135
	OR  reduce 62
	':'  reduce 62
	','  reduce 62
	';'  reduce 62
	')'  reduce 62
	']'  reduce 62


state 159
	Receiver : Expr . '.'  (42)
	LValue : Expr . '[' Expr ']'  (45)
	Expr : Expr . '+' Expr  (50)
	Expr : Expr . '-' Expr  (51)
	Expr : Expr . '*' Expr  (52)
	Expr : Expr . '/' Expr  (53)
	Expr : Expr . '%' Expr  (54)
	Expr : Expr . EQUAL Expr  (55)
	Expr : Expr . NOT_EQUAL Expr  (56)
	Expr : Expr . '<' Expr  (57)
	Expr : Expr . '>' Expr  (58)
	Expr : Expr . LESS_EQUAL Expr  (59)
	Expr : Expr LESS_EQUAL Expr .  (59)
	Expr : Expr . GREATER_EQUAL Expr  (60)
	Expr : Expr . AND Expr  (61)
	Expr : Expr . OR Expr  (62)

	'+'  shift 127
	'-'  shift 128
	'*'  shift 129
	'/'  shift 130
	'%'  shift 131
	'.'  shift 134
	'['  shift 135
	AND  reduce 59
	OR  reduce 59
	EQUAL  reduce 59
	NOT_EQUAL  reduce 59
	':'  reduce 59
	','  reduce 59
	';'  reduce 59
	')'  reduce 59
	']'  reduce 59


state 160
	Receiver : Expr . '.'  (42)
	LValue : Expr . '[' Expr ']'  (45)
	Expr : Expr . '+' Expr  (50)
	Expr : Expr . '-' Expr  (51)
	Expr : Expr . '*' Expr  (52)
	Expr : Expr . '/' Expr  (53)
	Expr : Expr . '%' Expr  (54)
	Expr : Expr . EQUAL Expr  (55)
	Expr : Expr . NOT_EQUAL Expr  (56)
	Expr : Expr . '<' Expr  (57)
	Expr : Expr . '>' Expr  (58)
	Expr : Expr . LESS_EQUAL Expr  (59)
	Expr : Expr . GREATER_EQUAL Expr  (60)
	Expr : Expr GREATER_EQUAL Expr .  (60)
	Expr : Expr . AND Expr  (61)
	Expr : Expr . OR Expr  (62)

	'+'  shift 127
	'-'  shift 128
	'*'  shift 129
	'/'  shift 130
	'%'  shift 131
	'.'  shift 134
	'['  shift 135
	AND  reduce 60
	OR  reduce 60
	EQUAL  reduce 60
	NOT_EQUAL  reduce 60
	':'  reduce 60
	','  reduce 60
	';'  reduce 60
	')'  reduce 60
	']'  reduce 60


state 161
	Receiver : Expr . '.'  (42)
	LValue : Expr . '[' Expr ']'  (45)
	Expr : Expr . '+' Expr  (50)
	Expr : Expr . '-' Expr  (51)
	Expr : Expr . '*' Expr  (52)
	Expr : Expr . '/' Expr  (53)
	Expr : Expr . '%' Expr  (54)
	Expr : Expr . EQUAL Expr  (55)
	Expr : Expr EQUAL Expr .  (55)
	Expr : Expr . NOT_EQUAL Expr  (56)
	Expr : Expr . '<' Expr  (57)
	Expr : Expr . '>' Expr  (58)
	Expr : Expr . LESS_EQUAL Expr  (59)
	Expr : Expr . GREATER_EQUAL Expr  (60)
	Expr : Expr . AND Expr  (61)
	Expr : Expr . OR Expr  (62)

	LESS_EQUAL  shift 123
	GREATER_EQUAL  shift 124
	'+'  shift 127
	'-'  shift 128
	'*'  shift 129
	'/'  shift 130
	'%'  shift 131
	'>'  shift 132
	'<'  shift 133
	'.'  shift 134
	'['  shift 135
	AND  reduce 55
	OR  reduce 55
	':'  reduce 55
	','  reduce 55
	';'  reduce 55
	')'  reduce 55
	']'  reduce 55


state 162
	Receiver : Expr . '.'  (42)
	LValue : Expr . '[' Expr ']'  (45)
	Expr : Expr . '+' Expr  (50)
	Expr : Expr . '-' Expr  (51)
	Expr : Expr . '*' Expr  (52)
	Expr : Expr . '/' Expr  (53)
	Expr : Expr . '%' Expr  (54)
	Expr : Expr . EQUAL Expr  (55)
	Expr : Expr . NOT_EQUAL Expr  (56)
	Expr : Expr NOT_EQUAL Expr .  (56)
	Expr : Expr . '<' Expr  (57)
	Expr : Expr . '>' Expr  (58)
	Expr : Expr . LESS_EQUAL Expr  (59)
	Expr : Expr . GREATER_EQUAL Expr  (60)
	Expr : Expr . AND Expr  (61)
	Expr : Expr . OR Expr  (62)

	LESS_EQUAL  shift 123
	GREATER_EQUAL  shift 124
	'+'  shift 127
	'-'  shift 128
	'*'  shift 129
	'/'  shift 130
	'%'  shift 131
	'>'  shift 132
	'<'  shift 133
	'.'  shift 134
	'['  shift 135
	AND  reduce 56
	OR  reduce 56
	':'  reduce 56
	','  reduce 56
	';'  reduce 56
	')'  reduce 56
	']'  reduce 56


state 163
	Receiver : Expr . '.'  (42)
	LValue : Expr . '[' Expr ']'  (45)
	Expr : Expr . '+' Expr  (50)
	Expr : Expr '+' Expr .  (50)
	Expr : Expr . '-' Expr  (51)
	Expr : Expr . '*' Expr  (52)
	Expr : Expr . '/' Expr  (53)
	Expr : Expr . '%' Expr  (54)
	Expr : Expr . EQUAL Expr  (55)
	Expr : Expr . NOT_EQUAL Expr  (56)
	Expr : Expr . '<' Expr  (57)
	Expr : Expr . '>' Expr  (58)
	Expr : Expr . LESS_EQUAL Expr  (59)
	Expr : Expr . GREATER_EQUAL Expr  (60)
	Expr : Expr . AND Expr  (61)
	Expr : Expr . OR Expr  (62)

	'*'  shift 129
	'/'  shift 130
	'%'  shift 131
	'.'  shift 134
	'['  shift 135
	AND  reduce 50
	OR  reduce 50
	LESS_EQUAL  reduce 50
	GREATER_EQUAL  reduce 50
	EQUAL  reduce 50
	NOT_EQUAL  reduce 50
	'+'  reduce 50
	'-'  reduce 50
	'>'  reduce 50
	'<'  reduce 50
	':'  reduce 50
	','  reduce 50
	';'  reduce 50
	')'  reduce 50
	']'  reduce 50


state 164
	Receiver : Expr . '.'  (42)
	LValue : Expr . '[' Expr ']'  (45)
	Expr : Expr . '+' Expr  (50)
	Expr : Expr . '-' Expr  (51)
	Expr : Expr '-' Expr .  (51)
	Expr : Expr . '*' Expr  (52)
	Expr : Expr . '/' Expr  (53)
	Expr : Expr . '%' Expr  (54)
	Expr : Expr . EQUAL Expr  (55)
	Expr : Expr . NOT_EQUAL Expr  (56)
	Expr : Expr . '<' Expr  (57)
	Expr : Expr . '>' Expr  (58)
	Expr : Expr . LESS_EQUAL Expr  (59)
	Expr : Expr . GREATER_EQUAL Expr  (60)
	Expr : Expr . AND Expr  (61)
	Expr : Expr . OR Expr  (62)

	'*'  shift 129
	'/'  shift 130
	'%'  shift 131
	'.'  shift 134
	'['  shift 135
	AND  reduce 51
	OR  reduce 51
	LESS_EQUAL  reduce 51
	GREATER_EQUAL  reduce 51
	EQUAL  reduce 51
	NOT_EQUAL  reduce 51
	'+'  reduce 51
	'-'  reduce 51
	'>'  reduce 51
	'<'  reduce 51
	':'  reduce 51
	','  reduce 51
	';'  reduce 51
	')'  reduce 51
	']'  reduce 51


state 165
	Receiver : Expr . '.'  (42)
	LValue : Expr . '[' Expr ']'  (45)
	Expr : Expr . '+' Expr  (50)
	Expr : Expr . '-' Expr  (51)
	Expr : Expr . '*' Expr  (52)
	Expr : Expr '*' Expr .  (52)
	Expr : Expr . '/' Expr  (53)
	Expr : Expr . '%' Expr  (54)
	Expr : Expr . EQUAL Expr  (55)
	Expr : Expr . NOT_EQUAL Expr  (56)
	Expr : Expr . '<' Expr  (57)
	Expr : Expr . '>' Expr  (58)
	Expr : Expr . LESS_EQUAL Expr  (59)
	Expr : Expr . GREATER_EQUAL Expr  (60)
	Expr : Expr . AND Expr  (61)
	Expr : Expr . OR Expr  (62)

	'.'  shift 134
	'['  shift 135
	AND  reduce 52
	OR  reduce 52
	LESS_EQUAL  reduce 52
	GREATER_EQUAL  reduce 52
	EQUAL  reduce 52
	NOT_EQUAL  reduce 52
	'+'  reduce 52
	'-'  reduce 52
	'*'  reduce 52
	'/'  reduce 52
	'%'  reduce 52
	'>'  reduce 52
	'<'  reduce 52
	':'  reduce 52
	','  reduce 52
	';'  reduce 52
	')'  reduce 52
	']'  reduce 52


state 166
	Receiver : Expr . '.'  (42)
	LValue : Expr . '[' Expr ']'  (45)
	Expr : Expr . '+' Expr  (50)
	Expr : Expr . '-' Expr  (51)
	Expr : Expr . '*' Expr  (52)
	Expr : Expr . '/' Expr  (53)
	Expr : Expr '/' Expr .  (53)
	Expr : Expr . '%' Expr  (54)
	Expr : Expr . EQUAL Expr  (55)
	Expr : Expr . NOT_EQUAL Expr  (56)
	Expr : Expr . '<' Expr  (57)
	Expr : Expr . '>' Expr  (58)
	Expr : Expr . LESS_EQUAL Expr  (59)
	Expr : Expr . GREATER_EQUAL Expr  (60)
	Expr : Expr . AND Expr  (61)
	Expr : Expr . OR Expr  (62)

	'.'  shift 134
	'['  shift 135
	AND  reduce 53
	OR  reduce 53
	LESS_EQUAL  reduce 53
	GREATER_EQUAL  reduce 53
	EQUAL  reduce 53
	NOT_EQUAL  reduce 53
	'+'  reduce 53
	'-'  reduce 53
	'*'  reduce 53
	'/'  reduce 53
	'%'  reduce 53
	'>'  reduce 53
	'<'  reduce 53
	':'  reduce 53
	','  reduce 53
	';'  reduce 53
	')'  reduce 53
	']'  reduce 53


state 167
	Receiver : Expr . '.'  (42)
	LValue : Expr . '[' Expr ']'  (45)
	Expr : Expr . '+' Expr  (50)
	Expr : Expr . '-' Expr  (51)
	Expr : Expr . '*' Expr  (52)
	Expr : Expr . '/' Expr  (53)
	Expr : Expr . '%' Expr  (54)
	Expr : Expr '%' Expr .  (54)
	Expr : Expr . EQUAL Expr  (55)
	Expr : Expr . NOT_EQUAL Expr  (56)
	Expr : Expr . '<' Expr  (57)
	Expr : Expr . '>' Expr  (58)
	Expr : Expr . LESS_EQUAL Expr  (59)
	Expr : Expr . GREATER_EQUAL Expr  (60)
	Expr : Expr . AND Expr  (61)
	Expr : Expr . OR Expr  (62)

	'.'  shift 134
	'['  shift 135
	AND  reduce 54
	OR  reduce 54
	LESS_EQUAL  reduce 54
	GREATER_EQUAL  reduce 54
	EQUAL  reduce 54
	NOT_EQUAL  reduce 54
	'+'  reduce 54
	'-'  reduce 54
	'*'  reduce 54
	'/'  reduce 54
	'%'  reduce 54
	'>'  reduce 54
	'<'  reduce 54
	':'  reduce 54
	','  reduce 54
	';'  reduce 54
	')'  reduce 54
	']'  reduce 54


state 168
	Receiver : Expr . '.'  (42)
	LValue : Expr . '[' Expr ']'  (45)
	Expr : Expr . '+' Expr  (50)
	Expr : Expr . '-' Expr  (51)
	Expr : Expr . '*' Expr  (52)
	Expr : Expr . '/' Expr  (53)
	Expr : Expr . '%' Expr  (54)
	Expr : Expr . EQUAL Expr  (55)
	Expr : Expr . NOT_EQUAL Expr  (56)
	Expr : Expr . '<' Expr  (57)
	Expr : Expr . '>' Expr  (58)
	Expr : Expr '>' Expr .  (58)
	Expr : Expr . LESS_EQUAL Expr  (59)
	Expr : Expr . GREATER_EQUAL Expr  (60)
	Expr : Expr . AND Expr  (61)
	Expr : Expr . OR Expr  (62)

	'+'  shift 127
	'-'  shift 128
	'*'  shift 129
	'/'  shift 130
	'%'  shift 131
	'.'  shift 134
	'['  shift 135
	AND  reduce 58
	OR  reduce 58
	EQUAL  reduce 58
	NOT_EQUAL  reduce 58
	':'  reduce 58
	','  reduce 58
	';'  reduce 58
	')'  reduce 58
	']'  reduce 58


state 169
	Receiver : Expr . '.'  (42)
	LValue : Expr . '[' Expr ']'  (45)
	Expr : Expr . '+' Expr  (50)
	Expr : Expr . '-' Expr  (51)
	Expr : Expr . '*' Expr  (52)
	Expr : Expr . '/' Expr  (53)
	Expr : Expr . '%' Expr  (54)
	Expr : Expr . EQUAL Expr  (55)
	Expr : Expr . NOT_EQUAL Expr  (56)
	Expr : Expr . '<' Expr  (57)
	Expr : Expr '<' Expr .  (57)
	Expr : Expr . '>' Expr  (58)
	Expr : Expr . LESS_EQUAL Expr  (59)
	Expr : Expr . GREATER_EQUAL Expr  (60)
	Expr : Expr . AND Expr  (61)
	Expr : Expr . OR Expr  (62)

	'+'  shift 127
	'-'  shift 128
	'*'  shift 129
	'/'  shift 130
	'%'  shift 131
	'.'  shift 134
	'['  shift 135
	AND  reduce 57
	OR  reduce 57
	EQUAL  reduce 57
	NOT_EQUAL  reduce 57
	':'  reduce 57
	','  reduce 57
	';'  reduce 57
	')'  reduce 57
	']'  reduce 57


state 170
	Receiver : Expr . '.'  (42)
	LValue : Expr . '[' Expr ']'  (45)
	LValue : Expr '[' Expr . ']'  (45)
	Expr : Expr . '+' Expr  (50)
	Expr : Expr . '-' Expr  (51)
	Expr : Expr . '*' Expr  (52)
	Expr : Expr . '/' Expr  (53)
	Expr : Expr . '%' Expr  (54)
	Expr : Expr . EQUAL Expr  (55)
	Expr : Expr . NOT_EQUAL Expr  (56)
	Expr : Expr . '<' Expr  (57)
	Expr : Expr . '>' Expr  (58)
	Expr : Expr . LESS_EQUAL Expr  (59)
	Expr : Expr . GREATER_EQUAL Expr  (60)
	Expr : Expr . AND Expr  (61)
	Expr : Expr . OR Expr  (62)

	AND  shift 121
	OR  shift 122
	LESS_EQUAL  shift 123
	GREATER_EQUAL  shift 124
	EQUAL  shift 125
	NOT_EQUAL  shift 126
	'+'  shift 127
	'-'  shift 128
	'*'  shift 129
	'/'  shift 130
	'%'  shift 131
	'>'  shift 132
	'<'  shift 133
	'.'  shift 134
	'['  shift 135
	']'  shift 188
	.  error


state 171
	Call : Receiver IDENTIFIER '(' . Actuals ')'  (46)
	Receiver : .  (43)
	Actuals : .  (83)

	NULL  shift 47
	THIS  shift 48
	SUPER  shift 51
	NEW  shift 55
	READ_INTEGER  shift 58
	READ_LINE  shift 59
	DCOPY  shift 60
	SCOPY  shift 61
	CASE  shift 62
	LITERAL  shift 64
	INSTANCEOF  shift 65
	'-'  shift 66
	'!'  shift 67
	'('  shift 68
	'@'  shift 70
	'$'  shift 71
	'#'  shift 72
	IDENTIFIER  reduce 43
	')'  reduce 83

	LValue  goto 93
	Expr  goto 145
	Call  goto 95
	Receiver  goto 88
	Actuals  goto 189
	Constant  goto 89
	ExprList  goto 190


state 172
	WhileStmt : WHILE '(' Expr ')' . Stmt  (94)
	SimpleStmt : .  (41)
	Receiver : .  (43)

	VOID  shift 12
	BOOL  shift 13
	INT  shift 14
	STRING  shift 15
	CLASS  shift 16
	COMPLEX  shift 17
	NULL  shift 47
	THIS  shift 48
	WHILE  shift 49
	FOR  shift 50
	SUPER  shift 51
	IF  shift 52
	RETURN  shift 53
	BREAK  shift 54
	NEW  shift 55
	DO  shift 56
	PRINT  shift 57
	READ_INTEGER  shift 58
	READ_LINE  shift 59
	DCOPY  shift 60
	SCOPY  shift 61
	CASE  shift 62
	PRINTCOMP  shift 63
	LITERAL  shift 64
	INSTANCEOF  shift 65
	'-'  shift 66
	'!'  shift 67
	'('  shift 68
	'{'  shift 42
	'@'  shift 70
	'$'  shift 71
	'#'  shift 72
	IDENTIFIER  reduce 43
	';'  reduce 41

	VariableDef  goto 73
	Variable  goto 21
	Type  goto 34
	StmtBlock  goto 74
	Stmt  goto 191
	SimpleStmt  goto 76
	IfStmt  goto 77
	WhileStmt  goto 78
	ForStmt  goto 79
	ReturnStmt  goto 80
	PrintStmt  goto 81
	BreakStmt  goto 82
	PrintCompStmt  goto 83
	DoStmt  goto 84
	LValue  goto 85
	Expr  goto 86
	Call  goto 87
	Receiver  goto 88
	Constant  goto 89


state 173
	ForStmt : FOR '(' SimpleStmt ';' . Expr ';' SimpleStmt ')' Stmt  (95)
	Receiver : .  (43)

	NULL  shift 47
	THIS  shift 48
	SUPER  shift 51
	NEW  shift 55
	READ_INTEGER  shift 58
	READ_LINE  shift 59
	DCOPY  shift 60
	SCOPY  shift 61
	CASE  shift 62
	LITERAL  shift 64
	INSTANCEOF  shift 65
	'-'  shift 66
	'!'  shift 67
	'('  shift 68
	'@'  shift 70
	'$'  shift 71
	'#'  shift 72
	IDENTIFIER  reduce 43

	LValue  goto 93
	Expr  goto 192
	Call  goto 95
	Receiver  goto 88
	Constant  goto 89


state 174
	IfStmt : IF '(' Expr ')' . Stmt ElseClause  (97)
	SimpleStmt : .  (41)
	Receiver : .  (43)

	VOID  shift 12
	BOOL  shift 13
	INT  shift 14
	STRING  shift 15
	CLASS  shift 16
	COMPLEX  shift 17
	NULL  shift 47
	THIS  shift 48
	WHILE  shift 49
	FOR  shift 50
	SUPER  shift 51
	IF  shift 52
	RETURN  shift 53
	BREAK  shift 54
	NEW  shift 55
	DO  shift 56
	PRINT  shift 57
	READ_INTEGER  shift 58
	READ_LINE  shift 59
	DCOPY  shift 60
	SCOPY  shift 61
	CASE  shift 62
	PRINTCOMP  shift 63
	LITERAL  shift 64
	INSTANCEOF  shift 65
	'-'  shift 66
	'!'  shift 67
	'('  shift 68
	'{'  shift 42
	'@'  shift 70
	'$'  shift 71
	'#'  shift 72
	IDENTIFIER  reduce 43
	';'  reduce 41

	VariableDef  goto 73
	Variable  goto 21
	Type  goto 34
	StmtBlock  goto 74
	Stmt  goto 193
	SimpleStmt  goto 76
	IfStmt  goto 77
	WhileStmt  goto 78
	ForStmt  goto 79
	ReturnStmt  goto 80
	PrintStmt  goto 81
	BreakStmt  goto 82
	PrintCompStmt  goto 83
	DoStmt  goto 84
	LValue  goto 85
	Expr  goto 86
	Call  goto 87
	Receiver  goto 88
	Constant  goto 89


state 175
	Expr : NEW IDENTIFIER '(' ')' .  (76)

	.  reduce 76


state 176
	Receiver : Expr . '.'  (42)
	LValue : Expr . '[' Expr ']'  (45)
	Expr : Expr . '+' Expr  (50)
	Expr : Expr . '-' Expr  (51)
	Expr : Expr . '*' Expr  (52)
	Expr : Expr . '/' Expr  (53)
	Expr : Expr . '%' Expr  (54)
	Expr : Expr . EQUAL Expr  (55)
	Expr : Expr . NOT_EQUAL Expr  (56)
	Expr : Expr . '<' Expr  (57)
	Expr : Expr . '>' Expr  (58)
	Expr : Expr . LESS_EQUAL Expr  (59)
	Expr : Expr . GREATER_EQUAL Expr  (60)
	Expr : Expr . AND Expr  (61)
	Expr : Expr . OR Expr  (62)
	Expr : NEW Type '[' Expr . ']'  (77)

	AND  shift 121
	OR  shift 122
	LESS_EQUAL  shift 123
	GREATER_EQUAL  shift 124
	EQUAL  shift 125
	NOT_EQUAL  shift 126
	'+'  shift 127
	'-'  shift 128
	'*'  shift 129
	'/'  shift 130
	'%'  shift 131
	'>'  shift 132
	'<'  shift 133
	'.'  shift 134
	'['  shift 135
	']'  shift 194
	.  error


state 177
	DoSubStmt : Expr ':' . Stmt  (89)
	SimpleStmt : .  (41)
	Receiver : .  (43)

	VOID  shift 12
	BOOL  shift 13
	INT  shift 14
	STRING  shift 15
	CLASS  shift 16
	COMPLEX  shift 17
	NULL  shift 47
	THIS  shift 48
	WHILE  shift 49
	FOR  shift 50
	SUPER  shift 51
	IF  shift 52
	RETURN  shift 53
	BREAK  shift 54
	NEW  shift 55
	DO  shift 56
	PRINT  shift 57
	READ_INTEGER  shift 58
	READ_LINE  shift 59
	DCOPY  shift 60
	SCOPY  shift 61
	CASE  shift 62
	PRINTCOMP  shift 63
	LITERAL  shift 64
	INSTANCEOF  shift 65
	'-'  shift 66
	'!'  shift 67
	'('  shift 68
	'{'  shift 42
	'@'  shift 70
	'$'  shift 71
	'#'  shift 72
	IDENTIFIER  reduce 43
	';'  reduce 41

	VariableDef  goto 73
	Variable  goto 21
	Type  goto 34
	StmtBlock  goto 74
	Stmt  goto 195
	SimpleStmt  goto 76
	IfStmt  goto 77
	WhileStmt  goto 78
	ForStmt  goto 79
	ReturnStmt  goto 80
	PrintStmt  goto 81
	BreakStmt  goto 82
	PrintCompStmt  goto 83
	DoStmt  goto 84
	LValue  goto 85
	Expr  goto 86
	Call  goto 87
	Receiver  goto 88
	Constant  goto 89


state 178
	DoStmt : DO DoBranchList DoSubStmt OD .  (104)

	.  reduce 104


state 179
	DoBranch : DoSubStmt SEPARATOR .  (88)

	.  reduce 88


state 180
	ExprList : ExprList ',' . Expr  (84)
	Receiver : .  (43)

	NULL  shift 47
	THIS  shift 48
	SUPER  shift 51
	NEW  shift 55
	READ_INTEGER  shift 58
	READ_LINE  shift 59
	DCOPY  shift 60
	SCOPY  shift 61
	CASE  shift 62
	LITERAL  shift 64
	INSTANCEOF  shift 65
	'-'  shift 66
	'!'  shift 67
	'('  shift 68
	'@'  shift 70
	'$'  shift 71
	'#'  shift 72
	IDENTIFIER  reduce 43

	LValue  goto 93
	Expr  goto 196
	Call  goto 95
	Receiver  goto 88
	Constant  goto 89


state 181
	PrintStmt : PRINT '(' ExprList ')' .  (102)

	.  reduce 102


state 182
	Expr : DCOPY '(' Expr ')' .  (73)

	.  reduce 73


state 183
	Expr : SCOPY '(' Expr ')' .  (74)

	.  reduce 74


state 184
	Expr : CASE '(' Expr ')' . '{' ACaseList DefaultExpr '}'  (75)

	'{'  shift 197
	.  error


state 185
	PrintCompStmt : PRINTCOMP '(' ExprList ')' .  (103)

	.  reduce 103


state 186
	Expr : INSTANCEOF '(' Expr ',' . IDENTIFIER ')'  (78)

	IDENTIFIER  shift 198
	.  error


state 187
	Expr : '(' CLASS IDENTIFIER ')' . Expr  (79)
	Receiver : .  (43)

	NULL  shift 47
	THIS  shift 48
	SUPER  shift 51
	NEW  shift 55
	READ_INTEGER  shift 58
	READ_LINE  shift 59
	DCOPY  shift 60
	SCOPY  shift 61
	CASE  shift 62
	LITERAL  shift 64
	INSTANCEOF  shift 65
	'-'  shift 66
	'!'  shift 67
	'('  shift 68
	'@'  shift 70
	'$'  shift 71
	'#'  shift 72
	IDENTIFIER  reduce 43

	LValue  goto 93
	Expr  goto 199
	Call  goto 95
	Receiver  goto 88
	Constant  goto 89


state 188
	LValue : Expr '[' Expr ']' .  (45)

	.  reduce 45


state 189
	Call : Receiver IDENTIFIER '(' Actuals . ')'  (46)

	')'  shift 200
	.  error


state 190
	Actuals : ExprList .  (82)
	ExprList : ExprList . ',' Expr  (84)

	','  shift 180
	')'  reduce 82


state 191
	WhileStmt : WHILE '(' Expr ')' Stmt .  (94)

	.  reduce 94


state 192
	Receiver : Expr . '.'  (42)
	LValue : Expr . '[' Expr ']'  (45)
	Expr : Expr . '+' Expr  (50)
	Expr : Expr . '-' Expr  (51)
	Expr : Expr . '*' Expr  (52)
	Expr : Expr . '/' Expr  (53)
	Expr : Expr . '%' Expr  (54)
	Expr : Expr . EQUAL Expr  (55)
	Expr : Expr . NOT_EQUAL Expr  (56)
	Expr : Expr . '<' Expr  (57)
	Expr : Expr . '>' Expr  (58)
	Expr : Expr . LESS_EQUAL Expr  (59)
	Expr : Expr . GREATER_EQUAL Expr  (60)
	Expr : Expr . AND Expr  (61)
	Expr : Expr . OR Expr  (62)
	ForStmt : FOR '(' SimpleStmt ';' Expr . ';' SimpleStmt ')' Stmt  (95)

	AND  shift 121
	OR  shift 122
	LESS_EQUAL  shift 123
	GREATER_EQUAL  shift 124
	EQUAL  shift 125
	NOT_EQUAL  shift 126
	'+'  shift 127
	'-'  shift 128
	'*'  shift 129
	'/'  shift 130
	'%'  shift 131
	'>'  shift 132
	'<'  shift 133
	'.'  shift 134
	';'  shift 201
	'['  shift 135
	.  error


state 193
	IfStmt : IF '(' Expr ')' Stmt . ElseClause  (97)
	ElseClause : .  (99)

	ELSE  shift 202
	VOID  reduce 99
	BOOL  reduce 99
	INT  reduce 99
	STRING  reduce 99
	CLASS  reduce 99
	COMPLEX  reduce 99
	NULL  reduce 99
	THIS  reduce 99
	WHILE  reduce 99
	FOR  reduce 99
	SUPER  reduce 99
	IF  reduce 99
	RETURN  reduce 99
	BREAK  reduce 99
	NEW  reduce 99
	DO  reduce 99
	OD  reduce 99
	PRINT  reduce 99
	READ_INTEGER  reduce 99
	READ_LINE  reduce 99
	DCOPY  reduce 99
	SCOPY  reduce 99
	CASE  reduce 99
	PRINTCOMP  reduce 99
	LITERAL  reduce 99
	IDENTIFIER  reduce 99
	INSTANCEOF  reduce 99
	SEPARATOR  reduce 99
	'-'  reduce 99
	';'  reduce 99
	'!'  reduce 99
	'('  reduce 99
	'{'  reduce 99
	'}'  reduce 99
	'@'  reduce 99
	'$'  reduce 99
	'#'  reduce 99

	ElseClause  goto 203


state 194
	Expr : NEW Type '[' Expr ']' .  (77)

	.  reduce 77


state 195
	DoSubStmt : Expr ':' Stmt .  (89)

	.  reduce 89


state 196
	Receiver : Expr . '.'  (42)
	LValue : Expr . '[' Expr ']'  (45)
	Expr : Expr . '+' Expr  (50)
	Expr : Expr . '-' Expr  (51)
	Expr : Expr . '*' Expr  (52)
	Expr : Expr . '/' Expr  (53)
	Expr : Expr . '%' Expr  (54)
	Expr : Expr . EQUAL Expr  (55)
	Expr : Expr . NOT_EQUAL Expr  (56)
	Expr : Expr . '<' Expr  (57)
	Expr : Expr . '>' Expr  (58)
	Expr : Expr . LESS_EQUAL Expr  (59)
	Expr : Expr . GREATER_EQUAL Expr  (60)
	Expr : Expr . AND Expr  (61)
	Expr : Expr . OR Expr  (62)
	ExprList : ExprList ',' Expr .  (84)

	AND  shift 121
	OR  shift 122
	LESS_EQUAL  shift 123
	GREATER_EQUAL  shift 124
	EQUAL  shift 125
	NOT_EQUAL  shift 126
	'+'  shift 127
	'-'  shift 128
	'*'  shift 129
	'/'  shift 130
	'%'  shift 131
	'>'  shift 132
	'<'  shift 133
	'.'  shift 134
	'['  shift 135
	','  reduce 84
	')'  reduce 84


state 197
	Expr : CASE '(' Expr ')' '{' . ACaseList DefaultExpr '}'  (75)
	ACaseList : .  (91)

	.  reduce 91

	ACaseList  goto 204


state 198
	Expr : INSTANCEOF '(' Expr ',' IDENTIFIER . ')'  (78)

	')'  shift 205
	.  error


state 199
	Receiver : Expr . '.'  (42)
	LValue : Expr . '[' Expr ']'  (45)
	Expr : Expr . '+' Expr  (50)
	Expr : Expr . '-' Expr  (51)
	Expr : Expr . '*' Expr  (52)
	Expr : Expr . '/' Expr  (53)
	Expr : Expr . '%' Expr  (54)
	Expr : Expr . EQUAL Expr  (55)
	Expr : Expr . NOT_EQUAL Expr  (56)
	Expr : Expr . '<' Expr  (57)
	Expr : Expr . '>' Expr  (58)
	Expr : Expr . LESS_EQUAL Expr  (59)
	Expr : Expr . GREATER_EQUAL Expr  (60)
	Expr : Expr . AND Expr  (61)
	Expr : Expr . OR Expr  (62)
	Expr : '(' CLASS IDENTIFIER ')' Expr .  (79)

	.  reduce 79


state 200
	Call : Receiver IDENTIFIER '(' Actuals ')' .  (46)

	.  reduce 46


state 201
	ForStmt : FOR '(' SimpleStmt ';' Expr ';' . SimpleStmt ')' Stmt  (95)
	SimpleStmt : .  (41)
	Receiver : .  (43)

	NULL  shift 47
	THIS  shift 48
	SUPER  shift 51
	NEW  shift 55
	READ_INTEGER  shift 58
	READ_LINE  shift 59
	DCOPY  shift 60
	SCOPY  shift 61
	CASE  shift 62
	LITERAL  shift 64
	INSTANCEOF  shift 65
	'-'  shift 66
	'!'  shift 67
	'('  shift 68
	'@'  shift 70
	'$'  shift 71
	'#'  shift 72
	IDENTIFIER  reduce 43
	')'  reduce 41

	SimpleStmt  goto 206
	LValue  goto 85
	Expr  goto 86
	Call  goto 87
	Receiver  goto 88
	Constant  goto 89


state 202
	ElseClause : ELSE . Stmt  (98)
	SimpleStmt : .  (41)
	Receiver : .  (43)

	VOID  shift 12
	BOOL  shift 13
	INT  shift 14
	STRING  shift 15
	CLASS  shift 16
	COMPLEX  shift 17
	NULL  shift 47
	THIS  shift 48
	WHILE  shift 49
	FOR  shift 50
	SUPER  shift 51
	IF  shift 52
	RETURN  shift 53
	BREAK  shift 54
	NEW  shift 55
	DO  shift 56
	PRINT  shift 57
	READ_INTEGER  shift 58
	READ_LINE  shift 59
	DCOPY  shift 60
	SCOPY  shift 61
	CASE  shift 62
	PRINTCOMP  shift 63
	LITERAL  shift 64
	INSTANCEOF  shift 65
	'-'  shift 66
	'!'  shift 67
	'('  shift 68
	'{'  shift 42
	'@'  shift 70
	'$'  shift 71
	'#'  shift 72
	IDENTIFIER  reduce 43
	';'  reduce 41

	VariableDef  goto 73
	Variable  goto 21
	Type  goto 34
	StmtBlock  goto 74
	Stmt  goto 207
	SimpleStmt  goto 76
	IfStmt  goto 77
	WhileStmt  goto 78
	ForStmt  goto 79
	ReturnStmt  goto 80
	PrintStmt  goto 81
	BreakStmt  goto 82
	PrintCompStmt  goto 83
	DoStmt  goto 84
	LValue  goto 85
	Expr  goto 86
	Call  goto 87
	Receiver  goto 88
	Constant  goto 89


state 203
	IfStmt : IF '(' Expr ')' Stmt ElseClause .  (97)

	.  reduce 97


state 204
	Expr : CASE '(' Expr ')' '{' ACaseList . DefaultExpr '}'  (75)
	ACaseList : ACaseList . ACaseExpr  (90)

	NULL  shift 47
	DEFAULT  shift 208
	LITERAL  shift 64
	.  error

	Constant  goto 209
	DefaultExpr  goto 210
	ACaseExpr  goto 211


state 205
	Expr : INSTANCEOF '(' Expr ',' IDENTIFIER ')' .  (78)

	.  reduce 78


state 206
	ForStmt : FOR '(' SimpleStmt ';' Expr ';' SimpleStmt . ')' Stmt  (95)

	')'  shift 212
	.  error


state 207
	ElseClause : ELSE Stmt .  (98)

	.  reduce 98


state 208
	DefaultExpr : DEFAULT . ':' Expr ';'  (93)

	':'  shift 213
	.  error


state 209
	ACaseExpr : Constant . ':' Expr ';'  (92)

	':'  shift 214
	.  error


state 210
	Expr : CASE '(' Expr ')' '{' ACaseList DefaultExpr . '}'  (75)

	'}'  shift 215
	.  error


state 211
	ACaseList : ACaseList ACaseExpr .  (90)

	.  reduce 90


state 212
	ForStmt : FOR '(' SimpleStmt ';' Expr ';' SimpleStmt ')' . Stmt  (95)
	SimpleStmt : .  (41)
	Receiver : .  (43)

	VOID  shift 12
	BOOL  shift 13
	INT  shift 14
	STRING  shift 15
	CLASS  shift 16
	COMPLEX  shift 17
	NULL  shift 47
	THIS  shift 48
	WHILE  shift 49
	FOR  shift 50
	SUPER  shift 51
	IF  shift 52
	RETURN  shift 53
	BREAK  shift 54
	NEW  shift 55
	DO  shift 56
	PRINT  shift 57
	READ_INTEGER  shift 58
	READ_LINE  shift 59
	DCOPY  shift 60
	SCOPY  shift 61
	CASE  shift 62
	PRINTCOMP  shift 63
	LITERAL  shift 64
	INSTANCEOF  shift 65
	'-'  shift 66
	'!'  shift 67
	'('  shift 68
	'{'  shift 42
	'@'  shift 70
	'$'  shift 71
	'#'  shift 72
	IDENTIFIER  reduce 43
	';'  reduce 41

	VariableDef  goto 73
	Variable  goto 21
	Type  goto 34
	StmtBlock  goto 74
	Stmt  goto 216
	SimpleStmt  goto 76
	IfStmt  goto 77
	WhileStmt  goto 78
	ForStmt  goto 79
	ReturnStmt  goto 80
	PrintStmt  goto 81
	BreakStmt  goto 82
	PrintCompStmt  goto 83
	DoStmt  goto 84
	LValue  goto 85
	Expr  goto 86
	Call  goto 87
	Receiver  goto 88
	Constant  goto 89


state 213
	DefaultExpr : DEFAULT ':' . Expr ';'  (93)
	Receiver : .  (43)

	NULL  shift 47
	THIS  shift 48
	SUPER  shift 51
	NEW  shift 55
	READ_INTEGER  shift 58
	READ_LINE  shift 59
	DCOPY  shift 60
	SCOPY  shift 61
	CASE  shift 62
	LITERAL  shift 64
	INSTANCEOF  shift 65
	'-'  shift 66
	'!'  shift 67
	'('  shift 68
	'@'  shift 70
	'$'  shift 71
	'#'  shift 72
	IDENTIFIER  reduce 43

	LValue  goto 93
	Expr  goto 217
	Call  goto 95
	Receiver  goto 88
	Constant  goto 89


state 214
	ACaseExpr : Constant ':' . Expr ';'  (92)
	Receiver : .  (43)

	NULL  shift 47
	THIS  shift 48
	SUPER  shift 51
	NEW  shift 55
	READ_INTEGER  shift 58
	READ_LINE  shift 59
	DCOPY  shift 60
	SCOPY  shift 61
	CASE  shift 62
	LITERAL  shift 64
	INSTANCEOF  shift 65
	'-'  shift 66
	'!'  shift 67
	'('  shift 68
	'@'  shift 70
	'$'  shift 71
	'#'  shift 72
	IDENTIFIER  reduce 43

	LValue  goto 93
	Expr  goto 218
	Call  goto 95
	Receiver  goto 88
	Constant  goto 89


state 215
	Expr : CASE '(' Expr ')' '{' ACaseList DefaultExpr '}' .  (75)

	.  reduce 75


state 216
	ForStmt : FOR '(' SimpleStmt ';' Expr ';' SimpleStmt ')' Stmt .  (95)

	.  reduce 95


state 217
	Receiver : Expr . '.'  (42)
	LValue : Expr . '[' Expr ']'  (45)
	Expr : Expr . '+' Expr  (50)
	Expr : Expr . '-' Expr  (51)
	Expr : Expr . '*' Expr  (52)
	Expr : Expr . '/' Expr  (53)
	Expr : Expr . '%' Expr  (54)
	Expr : Expr . EQUAL Expr  (55)
	Expr : Expr . NOT_EQUAL Expr  (56)
	Expr : Expr . '<' Expr  (57)
	Expr : Expr . '>' Expr  (58)
	Expr : Expr . LESS_EQUAL Expr  (59)
	Expr : Expr . GREATER_EQUAL Expr  (60)
	Expr : Expr . AND Expr  (61)
	Expr : Expr . OR Expr  (62)
	DefaultExpr : DEFAULT ':' Expr . ';'  (93)

	AND  shift 121
	OR  shift 122
	LESS_EQUAL  shift 123
	GREATER_EQUAL  shift 124
	EQUAL  shift 125
	NOT_EQUAL  shift 126
	'+'  shift 127
	'-'  shift 128
	'*'  shift 129
	'/'  shift 130
	'%'  shift 131
	'>'  shift 132
	'<'  shift 133
	'.'  shift 134
	';'  shift 219
	'['  shift 135
	.  error


state 218
	Receiver : Expr . '.'  (42)
	LValue : Expr . '[' Expr ']'  (45)
	Expr : Expr . '+' Expr  (50)
	Expr : Expr . '-' Expr  (51)
	Expr : Expr . '*' Expr  (52)
	Expr : Expr . '/' Expr  (53)
	Expr : Expr . '%' Expr  (54)
	Expr : Expr . EQUAL Expr  (55)
	Expr : Expr . NOT_EQUAL Expr  (56)
	Expr : Expr . '<' Expr  (57)
	Expr : Expr . '>' Expr  (58)
	Expr : Expr . LESS_EQUAL Expr  (59)
	Expr : Expr . GREATER_EQUAL Expr  (60)
	Expr : Expr . AND Expr  (61)
	Expr : Expr . OR Expr  (62)
	ACaseExpr : Constant ':' Expr . ';'  (92)

	AND  shift 121
	OR  shift 122
	LESS_EQUAL  shift 123
	GREATER_EQUAL  shift 124
	EQUAL  shift 125
	NOT_EQUAL  shift 126
	'+'  shift 127
	'-'  shift 128
	'*'  shift 129
	'/'  shift 130
	'%'  shift 131
	'>'  shift 132
	'<'  shift 133
	'.'  shift 134
	';'  shift 220
	'['  shift 135
	.  error


state 219
	DefaultExpr : DEFAULT ':' Expr ';' .  (93)

	.  reduce 93


state 220
	ACaseExpr : Constant ':' Expr ';' .  (92)

	.  reduce 92


64 terminals, 38 nonterminals
105 grammar rules, 221 states
